<?xml version="1.0" encoding="utf-8"?><testsuites name="pytest tests"><testsuite name="pytest" errors="0" failures="0" skipped="0" tests="15" time="6.386" timestamp="2026-03-05T21:39:33.489679+00:00" hostname="agent-env-7e459f70-565e-4c5f-a3f9-4258b6310a9a"><testcase classname="tests.test_iter5_comprehensive.TestAuth" name="test_login_success" time="0.584" /><testcase classname="tests.test_iter5_comprehensive.TestAuth" name="test_login_invalid_credentials" time="0.148" /><testcase classname="tests.test_iter5_comprehensive.TestPatients" name="test_list_patients" time="0.587" /><testcase classname="tests.test_iter5_comprehensive.TestPatients" name="test_get_patient_detail" time="0.297" /><testcase classname="tests.test_iter5_comprehensive.TestConsultations" name="test_list_consultations_by_patient" time="0.297" /><testcase classname="tests.test_iter5_comprehensive.TestAgenda" name="test_list_appointments" time="0.292" /><testcase classname="tests.test_iter5_comprehensive.TestAgenda" name="test_list_appointments_by_date" time="0.148" /><testcase classname="tests.test_iter5_comprehensive.TestAgenda" name="test_create_and_delete_appointment" time="2.042" /><testcase classname="tests.test_iter5_comprehensive.TestPrescriptions" name="test_list_prescriptions" time="0.148" /><testcase classname="tests.test_iter5_comprehensive.TestScores" name="test_get_score_history" time="0.297" /><testcase classname="tests.test_iter5_comprehensive.TestScores" name="test_get_latest_score" time="0.441" /><testcase classname="tests.test_iter5_comprehensive.TestTemplates" name="test_list_templates" time="0.149" /><testcase classname="tests.test_iter5_comprehensive.TestGlucose" name="test_get_glucose_by_patient" time="0.296" /><testcase classname="tests.test_iter5_comprehensive.TestLabResults" name="test_get_lab_results_by_patient" time="0.296" /><testcase classname="tests.test_iter5_comprehensive.TestBioimpedance" name="test_get_bioimpedance_by_patient" time="0.297" /></testsuite></testsuites>