<?xml version="1.0" encoding="utf-8"?><testsuites name="pytest tests"><testsuite name="pytest" errors="0" failures="0" skipped="0" tests="18" time="40.883" timestamp="2026-03-02T22:46:16.330531+00:00" hostname="agent-env-7082a19b-640d-4790-b3b7-3cb5a5bc7d4c"><testcase classname="backend.tests.test_new_features.TestPatientsCRUD" name="test_create_patient_returns_id_and_fullname" time="2.198" /><testcase classname="backend.tests.test_new_features.TestPatientsCRUD" name="test_create_patient_persisted_in_list" time="0.286" /><testcase classname="backend.tests.test_new_features.TestPatientsCRUD" name="test_get_patient_by_id" time="0.285" /><testcase classname="backend.tests.test_new_features.TestPatientsCRUD" name="test_update_patient_and_verify" time="0.712" /><testcase classname="backend.tests.test_new_features.TestPatientsCRUD" name="test_delete_patient" time="0.431" /><testcase classname="backend.tests.test_new_features.TestPatientsCRUD" name="test_create_patient_missing_name_returns_error" time="0.003" /><testcase classname="backend.tests.test_new_features.TestAIConsultationAssist" name="test_ai_assist_returns_required_fields" time="16.177" /><testcase classname="backend.tests.test_new_features.TestAIConsultationAssist" name="test_ai_assist_without_auth_returns_401" time="0.003" /><testcase classname="backend.tests.test_new_features.TestAIConsultationAssist" name="test_ai_assist_clinical_summary_present" time="16.576" /><testcase classname="backend.tests.test_new_features.TestConsultations" name="test_create_consultation_requires_patientid" time="0.003" /><testcase classname="backend.tests.test_new_features.TestConsultations" name="test_create_consultation_with_valid_patient" time="0.856" /><testcase classname="backend.tests.test_new_features.TestConsultations" name="test_autosave_consultation" time="1.418" /><testcase classname="backend.tests.test_new_features.TestConsultations" name="test_autosave_consultation_with_frontend_fields_fails" time="0.003" /><testcase classname="backend.tests.test_new_features.TestConsultations" name="test_finalize_consultation" time="1.278" /><testcase classname="backend.tests.test_new_features.TestConsultations" name="test_list_consultations" time="0.568" /><testcase classname="backend.tests.test_new_features.TestTemplates" name="test_list_templates" time="0.002" /><testcase classname="backend.tests.test_new_features.TestTemplates" name="test_create_template" time="0.003" /><testcase classname="backend.tests.test_new_features.TestTemplates" name="test_template_persisted_in_list" time="0.002" /></testsuite></testsuites>