<?xml version="1.0" encoding="utf-8"?><testsuites name="pytest tests"><testsuite name="pytest" errors="14" failures="1" skipped="0" tests="16" time="1.386" timestamp="2026-03-05T21:38:10.852053+00:00" hostname="agent-env-7e459f70-565e-4c5f-a3f9-4258b6310a9a"><testcase classname="tests.test_iter5_comprehensive.TestAuth" name="test_login_success" time="0.598"><failure message="assert 201 == 200&#10; +  where 201 = &lt;Response [201]&gt;.status_code">tests/test_iter5_comprehensive.py:53: in test_login_success
    assert response.status_code == 200
E   assert 201 == 200
E    +  where 201 = &lt;Response [201]&gt;.status_code</failure></testcase><testcase classname="tests.test_iter5_comprehensive.TestAuth" name="test_login_invalid_credentials" time="0.149" /><testcase classname="tests.test_iter5_comprehensive.TestPatients" name="test_list_patients" time="0.450"><error message="failed on setup with &quot;AssertionError: Login failed: {&quot;accessToken&quot;:&quot;eyJhbGciOiJIUzI1NiIsInR5cCI6IkpXVCJ9.eyJzdWIiOiJkYTZmZjNhZC0wMGU1LTQ0ZTEtOGVjYy0zNjIwMjU0NTk4MTkiLCJ0ZW5hbnRJZCI6ImNsaXRlbmFudDAwMDAwMDAwMDAwMDAwMDEiLCJlbWFpbCI6InJhZmFlbGxhcmFyNjVAZ21haWwuY29tIiwicm9sZXMiOlsiTUVESUNPIl0sImlhdCI6MTc3Mjc0NjY5MSwiZXhwIjoxNzcyNzQ3NTkxfQ.GXgdbWiKTHRuOkU2wXVXkxvZVnm6JGryw_3Mq29--_k&quot;,&quot;refreshToken&quot;:&quot;pcpykyzlB0qHsyRDZXSqZlOtxVXfnfIbUkc1asQBsSKlaMQ1BWWo-FsZ-TfRpwRd&quot;,&quot;user&quot;:{&quot;id&quot;:&quot;da6ff3ad-00e5-44e1-8ecc-362025459819&quot;,&quot;tenantId&quot;:&quot;clitenant0000000000000001&quot;,&quot;email&quot;:&quot;rafaellarar65@gmail.com&quot;,&quot;fullName&quot;:&quot;Dr. Administrador&quot;,&quot;roles&quot;:[&quot;MEDICO&quot;]}}&#10;assert 201 == 200&#10; +  where 201 = &lt;Response [201]&gt;.status_code&quot;">tests/test_iter5_comprehensive.py:27: in auth_token
    assert response.status_code == 200, f"Login failed: {response.text}"
E   AssertionError: Login failed: {"accessToken":"eyJhbGciOiJIUzI1NiIsInR5cCI6IkpXVCJ9.eyJzdWIiOiJkYTZmZjNhZC0wMGU1LTQ0ZTEtOGVjYy0zNjIwMjU0NTk4MTkiLCJ0ZW5hbnRJZCI6ImNsaXRlbmFudDAwMDAwMDAwMDAwMDAwMDEiLCJlbWFpbCI6InJhZmFlbGxhcmFyNjVAZ21haWwuY29tIiwicm9sZXMiOlsiTUVESUNPIl0sImlhdCI6MTc3Mjc0NjY5MSwiZXhwIjoxNzcyNzQ3NTkxfQ.GXgdbWiKTHRuOkU2wXVXkxvZVnm6JGryw_3Mq29--_k","refreshToken":"pcpykyzlB0qHsyRDZXSqZlOtxVXfnfIbUkc1asQBsSKlaMQ1BWWo-FsZ-TfRpwRd","user":{"id":"da6ff3ad-00e5-44e1-8ecc-362025459819","tenantId":"clitenant0000000000000001","email":"rafaellarar65@gmail.com","fullName":"Dr. Administrador","roles":["MEDICO"]}}
E   assert 201 == 200
E    +  where 201 = &lt;Response [201]&gt;.status_code</error></testcase><testcase classname="tests.test_iter5_comprehensive.TestPatients" name="test_get_patient_detail" time="0.000"><error message="failed on setup with &quot;AssertionError: Login failed: {&quot;accessToken&quot;:&quot;eyJhbGciOiJIUzI1NiIsInR5cCI6IkpXVCJ9.eyJzdWIiOiJkYTZmZjNhZC0wMGU1LTQ0ZTEtOGVjYy0zNjIwMjU0NTk4MTkiLCJ0ZW5hbnRJZCI6ImNsaXRlbmFudDAwMDAwMDAwMDAwMDAwMDEiLCJlbWFpbCI6InJhZmFlbGxhcmFyNjVAZ21haWwuY29tIiwicm9sZXMiOlsiTUVESUNPIl0sImlhdCI6MTc3Mjc0NjY5MSwiZXhwIjoxNzcyNzQ3NTkxfQ.GXgdbWiKTHRuOkU2wXVXkxvZVnm6JGryw_3Mq29--_k&quot;,&quot;refreshToken&quot;:&quot;pcpykyzlB0qHsyRDZXSqZlOtxVXfnfIbUkc1asQBsSKlaMQ1BWWo-FsZ-TfRpwRd&quot;,&quot;user&quot;:{&quot;id&quot;:&quot;da6ff3ad-00e5-44e1-8ecc-362025459819&quot;,&quot;tenantId&quot;:&quot;clitenant0000000000000001&quot;,&quot;email&quot;:&quot;rafaellarar65@gmail.com&quot;,&quot;fullName&quot;:&quot;Dr. Administrador&quot;,&quot;roles&quot;:[&quot;MEDICO&quot;]}}&#10;assert 201 == 200&#10; +  where 201 = &lt;Response [201]&gt;.status_code&quot;">tests/test_iter5_comprehensive.py:27: in auth_token
    assert response.status_code == 200, f"Login failed: {response.text}"
E   AssertionError: Login failed: {"accessToken":"eyJhbGciOiJIUzI1NiIsInR5cCI6IkpXVCJ9.eyJzdWIiOiJkYTZmZjNhZC0wMGU1LTQ0ZTEtOGVjYy0zNjIwMjU0NTk4MTkiLCJ0ZW5hbnRJZCI6ImNsaXRlbmFudDAwMDAwMDAwMDAwMDAwMDEiLCJlbWFpbCI6InJhZmFlbGxhcmFyNjVAZ21haWwuY29tIiwicm9sZXMiOlsiTUVESUNPIl0sImlhdCI6MTc3Mjc0NjY5MSwiZXhwIjoxNzcyNzQ3NTkxfQ.GXgdbWiKTHRuOkU2wXVXkxvZVnm6JGryw_3Mq29--_k","refreshToken":"pcpykyzlB0qHsyRDZXSqZlOtxVXfnfIbUkc1asQBsSKlaMQ1BWWo-FsZ-TfRpwRd","user":{"id":"da6ff3ad-00e5-44e1-8ecc-362025459819","tenantId":"clitenant0000000000000001","email":"rafaellarar65@gmail.com","fullName":"Dr. Administrador","roles":["MEDICO"]}}
E   assert 201 == 200
E    +  where 201 = &lt;Response [201]&gt;.status_code</error></testcase><testcase classname="tests.test_iter5_comprehensive.TestConsultations" name="test_list_consultations_by_patient" time="0.000"><error message="failed on setup with &quot;AssertionError: Login failed: {&quot;accessToken&quot;:&quot;eyJhbGciOiJIUzI1NiIsInR5cCI6IkpXVCJ9.eyJzdWIiOiJkYTZmZjNhZC0wMGU1LTQ0ZTEtOGVjYy0zNjIwMjU0NTk4MTkiLCJ0ZW5hbnRJZCI6ImNsaXRlbmFudDAwMDAwMDAwMDAwMDAwMDEiLCJlbWFpbCI6InJhZmFlbGxhcmFyNjVAZ21haWwuY29tIiwicm9sZXMiOlsiTUVESUNPIl0sImlhdCI6MTc3Mjc0NjY5MSwiZXhwIjoxNzcyNzQ3NTkxfQ.GXgdbWiKTHRuOkU2wXVXkxvZVnm6JGryw_3Mq29--_k&quot;,&quot;refreshToken&quot;:&quot;pcpykyzlB0qHsyRDZXSqZlOtxVXfnfIbUkc1asQBsSKlaMQ1BWWo-FsZ-TfRpwRd&quot;,&quot;user&quot;:{&quot;id&quot;:&quot;da6ff3ad-00e5-44e1-8ecc-362025459819&quot;,&quot;tenantId&quot;:&quot;clitenant0000000000000001&quot;,&quot;email&quot;:&quot;rafaellarar65@gmail.com&quot;,&quot;fullName&quot;:&quot;Dr. Administrador&quot;,&quot;roles&quot;:[&quot;MEDICO&quot;]}}&#10;assert 201 == 200&#10; +  where 201 = &lt;Response [201]&gt;.status_code&quot;">tests/test_iter5_comprehensive.py:27: in auth_token
    assert response.status_code == 200, f"Login failed: {response.text}"
E   AssertionError: Login failed: {"accessToken":"eyJhbGciOiJIUzI1NiIsInR5cCI6IkpXVCJ9.eyJzdWIiOiJkYTZmZjNhZC0wMGU1LTQ0ZTEtOGVjYy0zNjIwMjU0NTk4MTkiLCJ0ZW5hbnRJZCI6ImNsaXRlbmFudDAwMDAwMDAwMDAwMDAwMDEiLCJlbWFpbCI6InJhZmFlbGxhcmFyNjVAZ21haWwuY29tIiwicm9sZXMiOlsiTUVESUNPIl0sImlhdCI6MTc3Mjc0NjY5MSwiZXhwIjoxNzcyNzQ3NTkxfQ.GXgdbWiKTHRuOkU2wXVXkxvZVnm6JGryw_3Mq29--_k","refreshToken":"pcpykyzlB0qHsyRDZXSqZlOtxVXfnfIbUkc1asQBsSKlaMQ1BWWo-FsZ-TfRpwRd","user":{"id":"da6ff3ad-00e5-44e1-8ecc-362025459819","tenantId":"clitenant0000000000000001","email":"rafaellarar65@gmail.com","fullName":"Dr. Administrador","roles":["MEDICO"]}}
E   assert 201 == 200
E    +  where 201 = &lt;Response [201]&gt;.status_code</error></testcase><testcase classname="tests.test_iter5_comprehensive.TestAgenda" name="test_list_appointments" time="0.000"><error message="failed on setup with &quot;AssertionError: Login failed: {&quot;accessToken&quot;:&quot;eyJhbGciOiJIUzI1NiIsInR5cCI6IkpXVCJ9.eyJzdWIiOiJkYTZmZjNhZC0wMGU1LTQ0ZTEtOGVjYy0zNjIwMjU0NTk4MTkiLCJ0ZW5hbnRJZCI6ImNsaXRlbmFudDAwMDAwMDAwMDAwMDAwMDEiLCJlbWFpbCI6InJhZmFlbGxhcmFyNjVAZ21haWwuY29tIiwicm9sZXMiOlsiTUVESUNPIl0sImlhdCI6MTc3Mjc0NjY5MSwiZXhwIjoxNzcyNzQ3NTkxfQ.GXgdbWiKTHRuOkU2wXVXkxvZVnm6JGryw_3Mq29--_k&quot;,&quot;refreshToken&quot;:&quot;pcpykyzlB0qHsyRDZXSqZlOtxVXfnfIbUkc1asQBsSKlaMQ1BWWo-FsZ-TfRpwRd&quot;,&quot;user&quot;:{&quot;id&quot;:&quot;da6ff3ad-00e5-44e1-8ecc-362025459819&quot;,&quot;tenantId&quot;:&quot;clitenant0000000000000001&quot;,&quot;email&quot;:&quot;rafaellarar65@gmail.com&quot;,&quot;fullName&quot;:&quot;Dr. Administrador&quot;,&quot;roles&quot;:[&quot;MEDICO&quot;]}}&#10;assert 201 == 200&#10; +  where 201 = &lt;Response [201]&gt;.status_code&quot;">tests/test_iter5_comprehensive.py:27: in auth_token
    assert response.status_code == 200, f"Login failed: {response.text}"
E   AssertionError: Login failed: {"accessToken":"eyJhbGciOiJIUzI1NiIsInR5cCI6IkpXVCJ9.eyJzdWIiOiJkYTZmZjNhZC0wMGU1LTQ0ZTEtOGVjYy0zNjIwMjU0NTk4MTkiLCJ0ZW5hbnRJZCI6ImNsaXRlbmFudDAwMDAwMDAwMDAwMDAwMDEiLCJlbWFpbCI6InJhZmFlbGxhcmFyNjVAZ21haWwuY29tIiwicm9sZXMiOlsiTUVESUNPIl0sImlhdCI6MTc3Mjc0NjY5MSwiZXhwIjoxNzcyNzQ3NTkxfQ.GXgdbWiKTHRuOkU2wXVXkxvZVnm6JGryw_3Mq29--_k","refreshToken":"pcpykyzlB0qHsyRDZXSqZlOtxVXfnfIbUkc1asQBsSKlaMQ1BWWo-FsZ-TfRpwRd","user":{"id":"da6ff3ad-00e5-44e1-8ecc-362025459819","tenantId":"clitenant0000000000000001","email":"rafaellarar65@gmail.com","fullName":"Dr. Administrador","roles":["MEDICO"]}}
E   assert 201 == 200
E    +  where 201 = &lt;Response [201]&gt;.status_code</error></testcase><testcase classname="tests.test_iter5_comprehensive.TestAgenda" name="test_list_appointments_by_date" time="0.000"><error message="failed on setup with &quot;AssertionError: Login failed: {&quot;accessToken&quot;:&quot;eyJhbGciOiJIUzI1NiIsInR5cCI6IkpXVCJ9.eyJzdWIiOiJkYTZmZjNhZC0wMGU1LTQ0ZTEtOGVjYy0zNjIwMjU0NTk4MTkiLCJ0ZW5hbnRJZCI6ImNsaXRlbmFudDAwMDAwMDAwMDAwMDAwMDEiLCJlbWFpbCI6InJhZmFlbGxhcmFyNjVAZ21haWwuY29tIiwicm9sZXMiOlsiTUVESUNPIl0sImlhdCI6MTc3Mjc0NjY5MSwiZXhwIjoxNzcyNzQ3NTkxfQ.GXgdbWiKTHRuOkU2wXVXkxvZVnm6JGryw_3Mq29--_k&quot;,&quot;refreshToken&quot;:&quot;pcpykyzlB0qHsyRDZXSqZlOtxVXfnfIbUkc1asQBsSKlaMQ1BWWo-FsZ-TfRpwRd&quot;,&quot;user&quot;:{&quot;id&quot;:&quot;da6ff3ad-00e5-44e1-8ecc-362025459819&quot;,&quot;tenantId&quot;:&quot;clitenant0000000000000001&quot;,&quot;email&quot;:&quot;rafaellarar65@gmail.com&quot;,&quot;fullName&quot;:&quot;Dr. Administrador&quot;,&quot;roles&quot;:[&quot;MEDICO&quot;]}}&#10;assert 201 == 200&#10; +  where 201 = &lt;Response [201]&gt;.status_code&quot;">tests/test_iter5_comprehensive.py:27: in auth_token
    assert response.status_code == 200, f"Login failed: {response.text}"
E   AssertionError: Login failed: {"accessToken":"eyJhbGciOiJIUzI1NiIsInR5cCI6IkpXVCJ9.eyJzdWIiOiJkYTZmZjNhZC0wMGU1LTQ0ZTEtOGVjYy0zNjIwMjU0NTk4MTkiLCJ0ZW5hbnRJZCI6ImNsaXRlbmFudDAwMDAwMDAwMDAwMDAwMDEiLCJlbWFpbCI6InJhZmFlbGxhcmFyNjVAZ21haWwuY29tIiwicm9sZXMiOlsiTUVESUNPIl0sImlhdCI6MTc3Mjc0NjY5MSwiZXhwIjoxNzcyNzQ3NTkxfQ.GXgdbWiKTHRuOkU2wXVXkxvZVnm6JGryw_3Mq29--_k","refreshToken":"pcpykyzlB0qHsyRDZXSqZlOtxVXfnfIbUkc1asQBsSKlaMQ1BWWo-FsZ-TfRpwRd","user":{"id":"da6ff3ad-00e5-44e1-8ecc-362025459819","tenantId":"clitenant0000000000000001","email":"rafaellarar65@gmail.com","fullName":"Dr. Administrador","roles":["MEDICO"]}}
E   assert 201 == 200
E    +  where 201 = &lt;Response [201]&gt;.status_code</error></testcase><testcase classname="tests.test_iter5_comprehensive.TestAgenda" name="test_create_and_delete_appointment" time="0.000"><error message="failed on setup with &quot;AssertionError: Login failed: {&quot;accessToken&quot;:&quot;eyJhbGciOiJIUzI1NiIsInR5cCI6IkpXVCJ9.eyJzdWIiOiJkYTZmZjNhZC0wMGU1LTQ0ZTEtOGVjYy0zNjIwMjU0NTk4MTkiLCJ0ZW5hbnRJZCI6ImNsaXRlbmFudDAwMDAwMDAwMDAwMDAwMDEiLCJlbWFpbCI6InJhZmFlbGxhcmFyNjVAZ21haWwuY29tIiwicm9sZXMiOlsiTUVESUNPIl0sImlhdCI6MTc3Mjc0NjY5MSwiZXhwIjoxNzcyNzQ3NTkxfQ.GXgdbWiKTHRuOkU2wXVXkxvZVnm6JGryw_3Mq29--_k&quot;,&quot;refreshToken&quot;:&quot;pcpykyzlB0qHsyRDZXSqZlOtxVXfnfIbUkc1asQBsSKlaMQ1BWWo-FsZ-TfRpwRd&quot;,&quot;user&quot;:{&quot;id&quot;:&quot;da6ff3ad-00e5-44e1-8ecc-362025459819&quot;,&quot;tenantId&quot;:&quot;clitenant0000000000000001&quot;,&quot;email&quot;:&quot;rafaellarar65@gmail.com&quot;,&quot;fullName&quot;:&quot;Dr. Administrador&quot;,&quot;roles&quot;:[&quot;MEDICO&quot;]}}&#10;assert 201 == 200&#10; +  where 201 = &lt;Response [201]&gt;.status_code&quot;">tests/test_iter5_comprehensive.py:27: in auth_token
    assert response.status_code == 200, f"Login failed: {response.text}"
E   AssertionError: Login failed: {"accessToken":"eyJhbGciOiJIUzI1NiIsInR5cCI6IkpXVCJ9.eyJzdWIiOiJkYTZmZjNhZC0wMGU1LTQ0ZTEtOGVjYy0zNjIwMjU0NTk4MTkiLCJ0ZW5hbnRJZCI6ImNsaXRlbmFudDAwMDAwMDAwMDAwMDAwMDEiLCJlbWFpbCI6InJhZmFlbGxhcmFyNjVAZ21haWwuY29tIiwicm9sZXMiOlsiTUVESUNPIl0sImlhdCI6MTc3Mjc0NjY5MSwiZXhwIjoxNzcyNzQ3NTkxfQ.GXgdbWiKTHRuOkU2wXVXkxvZVnm6JGryw_3Mq29--_k","refreshToken":"pcpykyzlB0qHsyRDZXSqZlOtxVXfnfIbUkc1asQBsSKlaMQ1BWWo-FsZ-TfRpwRd","user":{"id":"da6ff3ad-00e5-44e1-8ecc-362025459819","tenantId":"clitenant0000000000000001","email":"rafaellarar65@gmail.com","fullName":"Dr. Administrador","roles":["MEDICO"]}}
E   assert 201 == 200
E    +  where 201 = &lt;Response [201]&gt;.status_code</error></testcase><testcase classname="tests.test_iter5_comprehensive.TestPrescriptions" name="test_list_prescriptions" time="0.001"><error message="failed on setup with &quot;AssertionError: Login failed: {&quot;accessToken&quot;:&quot;eyJhbGciOiJIUzI1NiIsInR5cCI6IkpXVCJ9.eyJzdWIiOiJkYTZmZjNhZC0wMGU1LTQ0ZTEtOGVjYy0zNjIwMjU0NTk4MTkiLCJ0ZW5hbnRJZCI6ImNsaXRlbmFudDAwMDAwMDAwMDAwMDAwMDEiLCJlbWFpbCI6InJhZmFlbGxhcmFyNjVAZ21haWwuY29tIiwicm9sZXMiOlsiTUVESUNPIl0sImlhdCI6MTc3Mjc0NjY5MSwiZXhwIjoxNzcyNzQ3NTkxfQ.GXgdbWiKTHRuOkU2wXVXkxvZVnm6JGryw_3Mq29--_k&quot;,&quot;refreshToken&quot;:&quot;pcpykyzlB0qHsyRDZXSqZlOtxVXfnfIbUkc1asQBsSKlaMQ1BWWo-FsZ-TfRpwRd&quot;,&quot;user&quot;:{&quot;id&quot;:&quot;da6ff3ad-00e5-44e1-8ecc-362025459819&quot;,&quot;tenantId&quot;:&quot;clitenant0000000000000001&quot;,&quot;email&quot;:&quot;rafaellarar65@gmail.com&quot;,&quot;fullName&quot;:&quot;Dr. Administrador&quot;,&quot;roles&quot;:[&quot;MEDICO&quot;]}}&#10;assert 201 == 200&#10; +  where 201 = &lt;Response [201]&gt;.status_code&quot;">tests/test_iter5_comprehensive.py:27: in auth_token
    assert response.status_code == 200, f"Login failed: {response.text}"
E   AssertionError: Login failed: {"accessToken":"eyJhbGciOiJIUzI1NiIsInR5cCI6IkpXVCJ9.eyJzdWIiOiJkYTZmZjNhZC0wMGU1LTQ0ZTEtOGVjYy0zNjIwMjU0NTk4MTkiLCJ0ZW5hbnRJZCI6ImNsaXRlbmFudDAwMDAwMDAwMDAwMDAwMDEiLCJlbWFpbCI6InJhZmFlbGxhcmFyNjVAZ21haWwuY29tIiwicm9sZXMiOlsiTUVESUNPIl0sImlhdCI6MTc3Mjc0NjY5MSwiZXhwIjoxNzcyNzQ3NTkxfQ.GXgdbWiKTHRuOkU2wXVXkxvZVnm6JGryw_3Mq29--_k","refreshToken":"pcpykyzlB0qHsyRDZXSqZlOtxVXfnfIbUkc1asQBsSKlaMQ1BWWo-FsZ-TfRpwRd","user":{"id":"da6ff3ad-00e5-44e1-8ecc-362025459819","tenantId":"clitenant0000000000000001","email":"rafaellarar65@gmail.com","fullName":"Dr. Administrador","roles":["MEDICO"]}}
E   assert 201 == 200
E    +  where 201 = &lt;Response [201]&gt;.status_code</error></testcase><testcase classname="tests.test_iter5_comprehensive.TestPrescriptions" name="test_get_prescriptions_by_patient" time="0.000"><error message="failed on setup with &quot;AssertionError: Login failed: {&quot;accessToken&quot;:&quot;eyJhbGciOiJIUzI1NiIsInR5cCI6IkpXVCJ9.eyJzdWIiOiJkYTZmZjNhZC0wMGU1LTQ0ZTEtOGVjYy0zNjIwMjU0NTk4MTkiLCJ0ZW5hbnRJZCI6ImNsaXRlbmFudDAwMDAwMDAwMDAwMDAwMDEiLCJlbWFpbCI6InJhZmFlbGxhcmFyNjVAZ21haWwuY29tIiwicm9sZXMiOlsiTUVESUNPIl0sImlhdCI6MTc3Mjc0NjY5MSwiZXhwIjoxNzcyNzQ3NTkxfQ.GXgdbWiKTHRuOkU2wXVXkxvZVnm6JGryw_3Mq29--_k&quot;,&quot;refreshToken&quot;:&quot;pcpykyzlB0qHsyRDZXSqZlOtxVXfnfIbUkc1asQBsSKlaMQ1BWWo-FsZ-TfRpwRd&quot;,&quot;user&quot;:{&quot;id&quot;:&quot;da6ff3ad-00e5-44e1-8ecc-362025459819&quot;,&quot;tenantId&quot;:&quot;clitenant0000000000000001&quot;,&quot;email&quot;:&quot;rafaellarar65@gmail.com&quot;,&quot;fullName&quot;:&quot;Dr. Administrador&quot;,&quot;roles&quot;:[&quot;MEDICO&quot;]}}&#10;assert 201 == 200&#10; +  where 201 = &lt;Response [201]&gt;.status_code&quot;">tests/test_iter5_comprehensive.py:27: in auth_token
    assert response.status_code == 200, f"Login failed: {response.text}"
E   AssertionError: Login failed: {"accessToken":"eyJhbGciOiJIUzI1NiIsInR5cCI6IkpXVCJ9.eyJzdWIiOiJkYTZmZjNhZC0wMGU1LTQ0ZTEtOGVjYy0zNjIwMjU0NTk4MTkiLCJ0ZW5hbnRJZCI6ImNsaXRlbmFudDAwMDAwMDAwMDAwMDAwMDEiLCJlbWFpbCI6InJhZmFlbGxhcmFyNjVAZ21haWwuY29tIiwicm9sZXMiOlsiTUVESUNPIl0sImlhdCI6MTc3Mjc0NjY5MSwiZXhwIjoxNzcyNzQ3NTkxfQ.GXgdbWiKTHRuOkU2wXVXkxvZVnm6JGryw_3Mq29--_k","refreshToken":"pcpykyzlB0qHsyRDZXSqZlOtxVXfnfIbUkc1asQBsSKlaMQ1BWWo-FsZ-TfRpwRd","user":{"id":"da6ff3ad-00e5-44e1-8ecc-362025459819","tenantId":"clitenant0000000000000001","email":"rafaellarar65@gmail.com","fullName":"Dr. Administrador","roles":["MEDICO"]}}
E   assert 201 == 200
E    +  where 201 = &lt;Response [201]&gt;.status_code</error></testcase><testcase classname="tests.test_iter5_comprehensive.TestScores" name="test_get_score_history" time="0.000"><error message="failed on setup with &quot;AssertionError: Login failed: {&quot;accessToken&quot;:&quot;eyJhbGciOiJIUzI1NiIsInR5cCI6IkpXVCJ9.eyJzdWIiOiJkYTZmZjNhZC0wMGU1LTQ0ZTEtOGVjYy0zNjIwMjU0NTk4MTkiLCJ0ZW5hbnRJZCI6ImNsaXRlbmFudDAwMDAwMDAwMDAwMDAwMDEiLCJlbWFpbCI6InJhZmFlbGxhcmFyNjVAZ21haWwuY29tIiwicm9sZXMiOlsiTUVESUNPIl0sImlhdCI6MTc3Mjc0NjY5MSwiZXhwIjoxNzcyNzQ3NTkxfQ.GXgdbWiKTHRuOkU2wXVXkxvZVnm6JGryw_3Mq29--_k&quot;,&quot;refreshToken&quot;:&quot;pcpykyzlB0qHsyRDZXSqZlOtxVXfnfIbUkc1asQBsSKlaMQ1BWWo-FsZ-TfRpwRd&quot;,&quot;user&quot;:{&quot;id&quot;:&quot;da6ff3ad-00e5-44e1-8ecc-362025459819&quot;,&quot;tenantId&quot;:&quot;clitenant0000000000000001&quot;,&quot;email&quot;:&quot;rafaellarar65@gmail.com&quot;,&quot;fullName&quot;:&quot;Dr. Administrador&quot;,&quot;roles&quot;:[&quot;MEDICO&quot;]}}&#10;assert 201 == 200&#10; +  where 201 = &lt;Response [201]&gt;.status_code&quot;">tests/test_iter5_comprehensive.py:27: in auth_token
    assert response.status_code == 200, f"Login failed: {response.text}"
E   AssertionError: Login failed: {"accessToken":"eyJhbGciOiJIUzI1NiIsInR5cCI6IkpXVCJ9.eyJzdWIiOiJkYTZmZjNhZC0wMGU1LTQ0ZTEtOGVjYy0zNjIwMjU0NTk4MTkiLCJ0ZW5hbnRJZCI6ImNsaXRlbmFudDAwMDAwMDAwMDAwMDAwMDEiLCJlbWFpbCI6InJhZmFlbGxhcmFyNjVAZ21haWwuY29tIiwicm9sZXMiOlsiTUVESUNPIl0sImlhdCI6MTc3Mjc0NjY5MSwiZXhwIjoxNzcyNzQ3NTkxfQ.GXgdbWiKTHRuOkU2wXVXkxvZVnm6JGryw_3Mq29--_k","refreshToken":"pcpykyzlB0qHsyRDZXSqZlOtxVXfnfIbUkc1asQBsSKlaMQ1BWWo-FsZ-TfRpwRd","user":{"id":"da6ff3ad-00e5-44e1-8ecc-362025459819","tenantId":"clitenant0000000000000001","email":"rafaellarar65@gmail.com","fullName":"Dr. Administrador","roles":["MEDICO"]}}
E   assert 201 == 200
E    +  where 201 = &lt;Response [201]&gt;.status_code</error></testcase><testcase classname="tests.test_iter5_comprehensive.TestScores" name="test_get_latest_score" time="0.000"><error message="failed on setup with &quot;AssertionError: Login failed: {&quot;accessToken&quot;:&quot;eyJhbGciOiJIUzI1NiIsInR5cCI6IkpXVCJ9.eyJzdWIiOiJkYTZmZjNhZC0wMGU1LTQ0ZTEtOGVjYy0zNjIwMjU0NTk4MTkiLCJ0ZW5hbnRJZCI6ImNsaXRlbmFudDAwMDAwMDAwMDAwMDAwMDEiLCJlbWFpbCI6InJhZmFlbGxhcmFyNjVAZ21haWwuY29tIiwicm9sZXMiOlsiTUVESUNPIl0sImlhdCI6MTc3Mjc0NjY5MSwiZXhwIjoxNzcyNzQ3NTkxfQ.GXgdbWiKTHRuOkU2wXVXkxvZVnm6JGryw_3Mq29--_k&quot;,&quot;refreshToken&quot;:&quot;pcpykyzlB0qHsyRDZXSqZlOtxVXfnfIbUkc1asQBsSKlaMQ1BWWo-FsZ-TfRpwRd&quot;,&quot;user&quot;:{&quot;id&quot;:&quot;da6ff3ad-00e5-44e1-8ecc-362025459819&quot;,&quot;tenantId&quot;:&quot;clitenant0000000000000001&quot;,&quot;email&quot;:&quot;rafaellarar65@gmail.com&quot;,&quot;fullName&quot;:&quot;Dr. Administrador&quot;,&quot;roles&quot;:[&quot;MEDICO&quot;]}}&#10;assert 201 == 200&#10; +  where 201 = &lt;Response [201]&gt;.status_code&quot;">tests/test_iter5_comprehensive.py:27: in auth_token
    assert response.status_code == 200, f"Login failed: {response.text}"
E   AssertionError: Login failed: {"accessToken":"eyJhbGciOiJIUzI1NiIsInR5cCI6IkpXVCJ9.eyJzdWIiOiJkYTZmZjNhZC0wMGU1LTQ0ZTEtOGVjYy0zNjIwMjU0NTk4MTkiLCJ0ZW5hbnRJZCI6ImNsaXRlbmFudDAwMDAwMDAwMDAwMDAwMDEiLCJlbWFpbCI6InJhZmFlbGxhcmFyNjVAZ21haWwuY29tIiwicm9sZXMiOlsiTUVESUNPIl0sImlhdCI6MTc3Mjc0NjY5MSwiZXhwIjoxNzcyNzQ3NTkxfQ.GXgdbWiKTHRuOkU2wXVXkxvZVnm6JGryw_3Mq29--_k","refreshToken":"pcpykyzlB0qHsyRDZXSqZlOtxVXfnfIbUkc1asQBsSKlaMQ1BWWo-FsZ-TfRpwRd","user":{"id":"da6ff3ad-00e5-44e1-8ecc-362025459819","tenantId":"clitenant0000000000000001","email":"rafaellarar65@gmail.com","fullName":"Dr. Administrador","roles":["MEDICO"]}}
E   assert 201 == 200
E    +  where 201 = &lt;Response [201]&gt;.status_code</error></testcase><testcase classname="tests.test_iter5_comprehensive.TestTemplates" name="test_list_templates" time="0.000"><error message="failed on setup with &quot;AssertionError: Login failed: {&quot;accessToken&quot;:&quot;eyJhbGciOiJIUzI1NiIsInR5cCI6IkpXVCJ9.eyJzdWIiOiJkYTZmZjNhZC0wMGU1LTQ0ZTEtOGVjYy0zNjIwMjU0NTk4MTkiLCJ0ZW5hbnRJZCI6ImNsaXRlbmFudDAwMDAwMDAwMDAwMDAwMDEiLCJlbWFpbCI6InJhZmFlbGxhcmFyNjVAZ21haWwuY29tIiwicm9sZXMiOlsiTUVESUNPIl0sImlhdCI6MTc3Mjc0NjY5MSwiZXhwIjoxNzcyNzQ3NTkxfQ.GXgdbWiKTHRuOkU2wXVXkxvZVnm6JGryw_3Mq29--_k&quot;,&quot;refreshToken&quot;:&quot;pcpykyzlB0qHsyRDZXSqZlOtxVXfnfIbUkc1asQBsSKlaMQ1BWWo-FsZ-TfRpwRd&quot;,&quot;user&quot;:{&quot;id&quot;:&quot;da6ff3ad-00e5-44e1-8ecc-362025459819&quot;,&quot;tenantId&quot;:&quot;clitenant0000000000000001&quot;,&quot;email&quot;:&quot;rafaellarar65@gmail.com&quot;,&quot;fullName&quot;:&quot;Dr. Administrador&quot;,&quot;roles&quot;:[&quot;MEDICO&quot;]}}&#10;assert 201 == 200&#10; +  where 201 = &lt;Response [201]&gt;.status_code&quot;">tests/test_iter5_comprehensive.py:27: in auth_token
    assert response.status_code == 200, f"Login failed: {response.text}"
E   AssertionError: Login failed: {"accessToken":"eyJhbGciOiJIUzI1NiIsInR5cCI6IkpXVCJ9.eyJzdWIiOiJkYTZmZjNhZC0wMGU1LTQ0ZTEtOGVjYy0zNjIwMjU0NTk4MTkiLCJ0ZW5hbnRJZCI6ImNsaXRlbmFudDAwMDAwMDAwMDAwMDAwMDEiLCJlbWFpbCI6InJhZmFlbGxhcmFyNjVAZ21haWwuY29tIiwicm9sZXMiOlsiTUVESUNPIl0sImlhdCI6MTc3Mjc0NjY5MSwiZXhwIjoxNzcyNzQ3NTkxfQ.GXgdbWiKTHRuOkU2wXVXkxvZVnm6JGryw_3Mq29--_k","refreshToken":"pcpykyzlB0qHsyRDZXSqZlOtxVXfnfIbUkc1asQBsSKlaMQ1BWWo-FsZ-TfRpwRd","user":{"id":"da6ff3ad-00e5-44e1-8ecc-362025459819","tenantId":"clitenant0000000000000001","email":"rafaellarar65@gmail.com","fullName":"Dr. Administrador","roles":["MEDICO"]}}
E   assert 201 == 200
E    +  where 201 = &lt;Response [201]&gt;.status_code</error></testcase><testcase classname="tests.test_iter5_comprehensive.TestGlucose" name="test_get_glucose_by_patient" time="0.000"><error message="failed on setup with &quot;AssertionError: Login failed: {&quot;accessToken&quot;:&quot;eyJhbGciOiJIUzI1NiIsInR5cCI6IkpXVCJ9.eyJzdWIiOiJkYTZmZjNhZC0wMGU1LTQ0ZTEtOGVjYy0zNjIwMjU0NTk4MTkiLCJ0ZW5hbnRJZCI6ImNsaXRlbmFudDAwMDAwMDAwMDAwMDAwMDEiLCJlbWFpbCI6InJhZmFlbGxhcmFyNjVAZ21haWwuY29tIiwicm9sZXMiOlsiTUVESUNPIl0sImlhdCI6MTc3Mjc0NjY5MSwiZXhwIjoxNzcyNzQ3NTkxfQ.GXgdbWiKTHRuOkU2wXVXkxvZVnm6JGryw_3Mq29--_k&quot;,&quot;refreshToken&quot;:&quot;pcpykyzlB0qHsyRDZXSqZlOtxVXfnfIbUkc1asQBsSKlaMQ1BWWo-FsZ-TfRpwRd&quot;,&quot;user&quot;:{&quot;id&quot;:&quot;da6ff3ad-00e5-44e1-8ecc-362025459819&quot;,&quot;tenantId&quot;:&quot;clitenant0000000000000001&quot;,&quot;email&quot;:&quot;rafaellarar65@gmail.com&quot;,&quot;fullName&quot;:&quot;Dr. Administrador&quot;,&quot;roles&quot;:[&quot;MEDICO&quot;]}}&#10;assert 201 == 200&#10; +  where 201 = &lt;Response [201]&gt;.status_code&quot;">tests/test_iter5_comprehensive.py:27: in auth_token
    assert response.status_code == 200, f"Login failed: {response.text}"
E   AssertionError: Login failed: {"accessToken":"eyJhbGciOiJIUzI1NiIsInR5cCI6IkpXVCJ9.eyJzdWIiOiJkYTZmZjNhZC0wMGU1LTQ0ZTEtOGVjYy0zNjIwMjU0NTk4MTkiLCJ0ZW5hbnRJZCI6ImNsaXRlbmFudDAwMDAwMDAwMDAwMDAwMDEiLCJlbWFpbCI6InJhZmFlbGxhcmFyNjVAZ21haWwuY29tIiwicm9sZXMiOlsiTUVESUNPIl0sImlhdCI6MTc3Mjc0NjY5MSwiZXhwIjoxNzcyNzQ3NTkxfQ.GXgdbWiKTHRuOkU2wXVXkxvZVnm6JGryw_3Mq29--_k","refreshToken":"pcpykyzlB0qHsyRDZXSqZlOtxVXfnfIbUkc1asQBsSKlaMQ1BWWo-FsZ-TfRpwRd","user":{"id":"da6ff3ad-00e5-44e1-8ecc-362025459819","tenantId":"clitenant0000000000000001","email":"rafaellarar65@gmail.com","fullName":"Dr. Administrador","roles":["MEDICO"]}}
E   assert 201 == 200
E    +  where 201 = &lt;Response [201]&gt;.status_code</error></testcase><testcase classname="tests.test_iter5_comprehensive.TestLabResults" name="test_get_lab_results_by_patient" time="0.000"><error message="failed on setup with &quot;AssertionError: Login failed: {&quot;accessToken&quot;:&quot;eyJhbGciOiJIUzI1NiIsInR5cCI6IkpXVCJ9.eyJzdWIiOiJkYTZmZjNhZC0wMGU1LTQ0ZTEtOGVjYy0zNjIwMjU0NTk4MTkiLCJ0ZW5hbnRJZCI6ImNsaXRlbmFudDAwMDAwMDAwMDAwMDAwMDEiLCJlbWFpbCI6InJhZmFlbGxhcmFyNjVAZ21haWwuY29tIiwicm9sZXMiOlsiTUVESUNPIl0sImlhdCI6MTc3Mjc0NjY5MSwiZXhwIjoxNzcyNzQ3NTkxfQ.GXgdbWiKTHRuOkU2wXVXkxvZVnm6JGryw_3Mq29--_k&quot;,&quot;refreshToken&quot;:&quot;pcpykyzlB0qHsyRDZXSqZlOtxVXfnfIbUkc1asQBsSKlaMQ1BWWo-FsZ-TfRpwRd&quot;,&quot;user&quot;:{&quot;id&quot;:&quot;da6ff3ad-00e5-44e1-8ecc-362025459819&quot;,&quot;tenantId&quot;:&quot;clitenant0000000000000001&quot;,&quot;email&quot;:&quot;rafaellarar65@gmail.com&quot;,&quot;fullName&quot;:&quot;Dr. Administrador&quot;,&quot;roles&quot;:[&quot;MEDICO&quot;]}}&#10;assert 201 == 200&#10; +  where 201 = &lt;Response [201]&gt;.status_code&quot;">tests/test_iter5_comprehensive.py:27: in auth_token
    assert response.status_code == 200, f"Login failed: {response.text}"
E   AssertionError: Login failed: {"accessToken":"eyJhbGciOiJIUzI1NiIsInR5cCI6IkpXVCJ9.eyJzdWIiOiJkYTZmZjNhZC0wMGU1LTQ0ZTEtOGVjYy0zNjIwMjU0NTk4MTkiLCJ0ZW5hbnRJZCI6ImNsaXRlbmFudDAwMDAwMDAwMDAwMDAwMDEiLCJlbWFpbCI6InJhZmFlbGxhcmFyNjVAZ21haWwuY29tIiwicm9sZXMiOlsiTUVESUNPIl0sImlhdCI6MTc3Mjc0NjY5MSwiZXhwIjoxNzcyNzQ3NTkxfQ.GXgdbWiKTHRuOkU2wXVXkxvZVnm6JGryw_3Mq29--_k","refreshToken":"pcpykyzlB0qHsyRDZXSqZlOtxVXfnfIbUkc1asQBsSKlaMQ1BWWo-FsZ-TfRpwRd","user":{"id":"da6ff3ad-00e5-44e1-8ecc-362025459819","tenantId":"clitenant0000000000000001","email":"rafaellarar65@gmail.com","fullName":"Dr. Administrador","roles":["MEDICO"]}}
E   assert 201 == 200
E    +  where 201 = &lt;Response [201]&gt;.status_code</error></testcase><testcase classname="tests.test_iter5_comprehensive.TestBioimpedance" name="test_get_bioimpedance_by_patient" time="0.000"><error message="failed on setup with &quot;AssertionError: Login failed: {&quot;accessToken&quot;:&quot;eyJhbGciOiJIUzI1NiIsInR5cCI6IkpXVCJ9.eyJzdWIiOiJkYTZmZjNhZC0wMGU1LTQ0ZTEtOGVjYy0zNjIwMjU0NTk4MTkiLCJ0ZW5hbnRJZCI6ImNsaXRlbmFudDAwMDAwMDAwMDAwMDAwMDEiLCJlbWFpbCI6InJhZmFlbGxhcmFyNjVAZ21haWwuY29tIiwicm9sZXMiOlsiTUVESUNPIl0sImlhdCI6MTc3Mjc0NjY5MSwiZXhwIjoxNzcyNzQ3NTkxfQ.GXgdbWiKTHRuOkU2wXVXkxvZVnm6JGryw_3Mq29--_k&quot;,&quot;refreshToken&quot;:&quot;pcpykyzlB0qHsyRDZXSqZlOtxVXfnfIbUkc1asQBsSKlaMQ1BWWo-FsZ-TfRpwRd&quot;,&quot;user&quot;:{&quot;id&quot;:&quot;da6ff3ad-00e5-44e1-8ecc-362025459819&quot;,&quot;tenantId&quot;:&quot;clitenant0000000000000001&quot;,&quot;email&quot;:&quot;rafaellarar65@gmail.com&quot;,&quot;fullName&quot;:&quot;Dr. Administrador&quot;,&quot;roles&quot;:[&quot;MEDICO&quot;]}}&#10;assert 201 == 200&#10; +  where 201 = &lt;Response [201]&gt;.status_code&quot;">tests/test_iter5_comprehensive.py:27: in auth_token
    assert response.status_code == 200, f"Login failed: {response.text}"
E   AssertionError: Login failed: {"accessToken":"eyJhbGciOiJIUzI1NiIsInR5cCI6IkpXVCJ9.eyJzdWIiOiJkYTZmZjNhZC0wMGU1LTQ0ZTEtOGVjYy0zNjIwMjU0NTk4MTkiLCJ0ZW5hbnRJZCI6ImNsaXRlbmFudDAwMDAwMDAwMDAwMDAwMDEiLCJlbWFpbCI6InJhZmFlbGxhcmFyNjVAZ21haWwuY29tIiwicm9sZXMiOlsiTUVESUNPIl0sImlhdCI6MTc3Mjc0NjY5MSwiZXhwIjoxNzcyNzQ3NTkxfQ.GXgdbWiKTHRuOkU2wXVXkxvZVnm6JGryw_3Mq29--_k","refreshToken":"pcpykyzlB0qHsyRDZXSqZlOtxVXfnfIbUkc1asQBsSKlaMQ1BWWo-FsZ-TfRpwRd","user":{"id":"da6ff3ad-00e5-44e1-8ecc-362025459819","tenantId":"clitenant0000000000000001","email":"rafaellarar65@gmail.com","fullName":"Dr. Administrador","roles":["MEDICO"]}}
E   assert 201 == 200
E    +  where 201 = &lt;Response [201]&gt;.status_code</error></testcase></testsuite></testsuites>