<?xml version="1.0" encoding="utf-8"?><testsuites name="pytest tests"><testsuite name="pytest" errors="0" failures="0" skipped="0" tests="22" time="17.046" timestamp="2026-03-03T00:46:03.591256+00:00" hostname="agent-env-9a6cdae2-d428-4461-8062-2bd178138b00"><testcase classname="tests.test_agenda_module.TestAgendaList" name="test_list_all_appointments" time="0.877" /><testcase classname="tests.test_agenda_module.TestAgendaList" name="test_list_appointments_filter_by_date" time="0.290" /><testcase classname="tests.test_agenda_module.TestAgendaList" name="test_list_appointments_empty_date" time="0.149" /><testcase classname="tests.test_agenda_module.TestAgendaGetById" name="test_get_existing_appointment" time="0.580" /><testcase classname="tests.test_agenda_module.TestAgendaGetById" name="test_get_nonexistent_appointment" time="0.147" /><testcase classname="tests.test_agenda_module.TestAgendaCreate" name="test_create_appointment_success" time="0.868" /><testcase classname="tests.test_agenda_module.TestAgendaCreate" name="test_create_appointment_primeira_consulta" time="0.866" /><testcase classname="tests.test_agenda_module.TestAgendaCreate" name="test_create_appointment_teleconsulta" time="1.011" /><testcase classname="tests.test_agenda_module.TestAgendaCreate" name="test_create_appointment_exame" time="0.863" /><testcase classname="tests.test_agenda_module.TestAgendaCreate" name="test_create_appointment_invalid_patient" time="0.147" /><testcase classname="tests.test_agenda_module.TestAgendaCreate" name="test_create_appointment_invalid_time_format" time="0.004" /><testcase classname="tests.test_agenda_module.TestAgendaCreate" name="test_create_appointment_missing_required_fields" time="0.003" /><testcase classname="tests.test_agenda_module.TestAgendaUpdate" name="test_update_appointment_status" time="2.166" /><testcase classname="tests.test_agenda_module.TestAgendaUpdate" name="test_update_appointment_all_statuses" time="2.595" /><testcase classname="tests.test_agenda_module.TestAgendaUpdate" name="test_update_appointment_notes" time="1.005" /><testcase classname="tests.test_agenda_module.TestAgendaUpdate" name="test_update_appointment_date_time" time="1.011" /><testcase classname="tests.test_agenda_module.TestAgendaUpdate" name="test_update_nonexistent_appointment" time="0.148" /><testcase classname="tests.test_agenda_module.TestAgendaDelete" name="test_delete_appointment_success" time="1.303" /><testcase classname="tests.test_agenda_module.TestAgendaDelete" name="test_delete_nonexistent_appointment" time="0.147" /><testcase classname="tests.test_agenda_module.TestAgendaByPatient" name="test_list_appointments_by_patient" time="0.290" /><testcase classname="tests.test_agenda_module.TestAgendaByPatient" name="test_list_appointments_nonexistent_patient" time="0.147" /><testcase classname="tests.test_agenda_module.TestCleanup" name="test_cleanup_test_appointments" time="2.342" /></testsuite></testsuites>