<?xml version="1.0" encoding="utf-8"?><testsuites name="pytest tests"><testsuite name="pytest" errors="0" failures="0" skipped="0" tests="27" time="6.189" timestamp="2026-03-02T23:30:16.185616+00:00" hostname="agent-env-ef36fe87-e010-481f-ae22-b2820f44529d"><testcase classname="backend.tests.test_new_endpoints_iter3.TestGlucoseEndpoints" name="test_post_glucose_creates_log" time="2.540" /><testcase classname="backend.tests.test_new_endpoints_iter3.TestGlucoseEndpoints" name="test_post_glucose_missing_value_returns_400" time="0.007" /><testcase classname="backend.tests.test_new_endpoints_iter3.TestGlucoseEndpoints" name="test_post_glucose_out_of_range_value_returns_400" time="0.003" /><testcase classname="backend.tests.test_new_endpoints_iter3.TestGlucoseEndpoints" name="test_get_glucose_returns_array" time="0.287" /><testcase classname="backend.tests.test_new_endpoints_iter3.TestGlucoseEndpoints" name="test_get_glucose_returns_created_log" time="0.146" /><testcase classname="backend.tests.test_new_endpoints_iter3.TestGlucoseEndpoints" name="test_get_glucose_log_has_required_fields" time="0.146" /><testcase classname="backend.tests.test_new_endpoints_iter3.TestGlucoseEndpoints" name="test_get_glucose_without_auth_returns_401" time="0.003" /><testcase classname="backend.tests.test_new_endpoints_iter3.TestGlucoseEndpoints" name="test_get_glucose_with_limit_param" time="0.145" /><testcase classname="backend.tests.test_new_endpoints_iter3.TestGlucoseEndpoints" name="test_get_glucose_analyze_returns_analysis" time="0.148" /><testcase classname="backend.tests.test_new_endpoints_iter3.TestGlucoseEndpoints" name="test_get_glucose_analyze_has_required_fields" time="0.149" /><testcase classname="backend.tests.test_new_endpoints_iter3.TestGlucoseEndpoints" name="test_get_glucose_analyze_trend_is_valid" time="0.146" /><testcase classname="backend.tests.test_new_endpoints_iter3.TestGlucoseEndpoints" name="test_get_glucose_analyze_empty_patient_returns_zero_stats" time="0.145" /><testcase classname="backend.tests.test_new_endpoints_iter3.TestLabResultsEndpoints" name="test_post_lab_result_creates_record" time="0.292" /><testcase classname="backend.tests.test_new_endpoints_iter3.TestLabResultsEndpoints" name="test_post_lab_result_missing_exam_name_returns_400" time="0.003" /><testcase classname="backend.tests.test_new_endpoints_iter3.TestLabResultsEndpoints" name="test_post_lab_result_missing_value_returns_400" time="0.002" /><testcase classname="backend.tests.test_new_endpoints_iter3.TestLabResultsEndpoints" name="test_get_lab_results_returns_array" time="0.286" /><testcase classname="backend.tests.test_new_endpoints_iter3.TestLabResultsEndpoints" name="test_get_lab_results_contains_created_record" time="0.146" /><testcase classname="backend.tests.test_new_endpoints_iter3.TestLabResultsEndpoints" name="test_get_lab_results_has_required_fields" time="0.145" /><testcase classname="backend.tests.test_new_endpoints_iter3.TestLabResultsEndpoints" name="test_get_lab_results_without_auth_returns_401" time="0.003" /><testcase classname="backend.tests.test_new_endpoints_iter3.TestBioimpedanceEndpoints" name="test_post_bioimpedance_creates_exam" time="0.291" /><testcase classname="backend.tests.test_new_endpoints_iter3.TestBioimpedanceEndpoints" name="test_post_bioimpedance_minimal_payload" time="0.289" /><testcase classname="backend.tests.test_new_endpoints_iter3.TestBioimpedanceEndpoints" name="test_post_bioimpedance_missing_measured_at_returns_400" time="0.003" /><testcase classname="backend.tests.test_new_endpoints_iter3.TestBioimpedanceEndpoints" name="test_get_bioimpedance_returns_array" time="0.286" /><testcase classname="backend.tests.test_new_endpoints_iter3.TestBioimpedanceEndpoints" name="test_get_bioimpedance_contains_created_exam" time="0.145" /><testcase classname="backend.tests.test_new_endpoints_iter3.TestBioimpedanceEndpoints" name="test_get_bioimpedance_has_required_fields" time="0.146" /><testcase classname="backend.tests.test_new_endpoints_iter3.TestBioimpedanceEndpoints" name="test_get_bioimpedance_without_auth_returns_401" time="0.004" /><testcase classname="backend.tests.test_new_endpoints_iter3.TestBioimpedanceEndpoints" name="test_get_bioimpedance_with_limit" time="0.147" /></testsuite></testsuites>