<?xml version="1.0" encoding="utf-8"?><testsuites name="pytest tests"><testsuite name="pytest" errors="0" failures="1" skipped="0" tests="14" time="3.567" timestamp="2026-03-02T22:38:15.948632+00:00" hostname="agent-env-7082a19b-640d-4790-b3b7-3cb5a5bc7d4c"><testcase classname="backend.tests.test_endocrinopront.TestAuthEndpoints" name="test_login_medico_success" time="0.439" /><testcase classname="backend.tests.test_endocrinopront.TestAuthEndpoints" name="test_login_recepcao_success" time="0.435" /><testcase classname="backend.tests.test_endocrinopront.TestAuthEndpoints" name="test_login_invalid_credentials" time="0.218" /><testcase classname="backend.tests.test_endocrinopront.TestAuthEndpoints" name="test_login_unknown_user" time="0.144" /><testcase classname="backend.tests.test_endocrinopront.TestAuthEndpoints" name="test_login_missing_email" time="0.003" /><testcase classname="backend.tests.test_endocrinopront.TestAuthEndpoints" name="test_login_response_user_has_fullname" time="0.438" /><testcase classname="backend.tests.test_endocrinopront.TestAuthEndpoints" name="test_login_no_tenant_header" time="0.580"><failure message="AssertionError: Expected 401/400, got 201: {&quot;accessToken&quot;:&quot;eyJhbGciOiJIUzI1NiIsInR5cCI6IkpXVCJ9.eyJzdWIiOiJkYTZmZjNhZC0wMGU1LTQ0ZTEtOGVjYy0zNjIwMjU0NTk4MTkiLCJ0ZW5hbnRJZCI6ImNsaXRlbmFudDAwMDAwMDAwMDAwMDAwMDEiLCJlbWFpbCI6InJhZmFlbGxhcmFyNjVAZ21haWwuY29tIiwicm9sZXMiOlsiTUVESUNPIl0sImlhdCI6MTc3MjQ5MTA5OCwiZXhwIjoxNzcyNDkxOTk4fQ.q6bi-Cgz4JExqISHJZaFlICoV0iAlfGskohkzvIaqf8&quot;,&quot;refreshToken&quot;:&quot;xdl0xPlHVRjh9dm5gAgcouMetm4438KaDgqU4wlGIcqb8PiBwBHgD_24El4sScWt&quot;,&quot;user&quot;:{&quot;id&quot;:&quot;da6ff3ad-00e5-44e1-8ecc-362025459819&quot;,&quot;tenantId&quot;:&quot;clitenant0000000000000001&quot;,&quot;email&quot;:&quot;rafaellarar65@gmail.com&quot;,&quot;fullName&quot;:&quot;Dr. Administrador&quot;,&quot;roles&quot;:[&quot;MEDICO&quot;]}}&#10;assert 201 in [401, 400]&#10; +  where 201 = &lt;Response [201]&gt;.status_code">backend/tests/test_endocrinopront.py:128: in test_login_no_tenant_header
    assert resp.status_code in [401, 400], f"Expected 401/400, got {resp.status_code}: {resp.text}"
E   AssertionError: Expected 401/400, got 201: {"accessToken":"eyJhbGciOiJIUzI1NiIsInR5cCI6IkpXVCJ9.eyJzdWIiOiJkYTZmZjNhZC0wMGU1LTQ0ZTEtOGVjYy0zNjIwMjU0NTk4MTkiLCJ0ZW5hbnRJZCI6ImNsaXRlbmFudDAwMDAwMDAwMDAwMDAwMDEiLCJlbWFpbCI6InJhZmFlbGxhcmFyNjVAZ21haWwuY29tIiwicm9sZXMiOlsiTUVESUNPIl0sImlhdCI6MTc3MjQ5MTA5OCwiZXhwIjoxNzcyNDkxOTk4fQ.q6bi-Cgz4JExqISHJZaFlICoV0iAlfGskohkzvIaqf8","refreshToken":"xdl0xPlHVRjh9dm5gAgcouMetm4438KaDgqU4wlGIcqb8PiBwBHgD_24El4sScWt","user":{"id":"da6ff3ad-00e5-44e1-8ecc-362025459819","tenantId":"clitenant0000000000000001","email":"rafaellarar65@gmail.com","fullName":"Dr. Administrador","roles":["MEDICO"]}}
E   assert 201 in [401, 400]
E    +  where 201 = &lt;Response [201]&gt;.status_code</failure></testcase><testcase classname="backend.tests.test_endocrinopront.TestPatientsEndpoint" name="test_patients_without_auth_returns_401" time="0.003" /><testcase classname="backend.tests.test_endocrinopront.TestPatientsEndpoint" name="test_patients_with_auth_returns_200" time="0.582" /><testcase classname="backend.tests.test_endocrinopront.TestPatientsEndpoint" name="test_patients_list_is_list" time="0.145" /><testcase classname="backend.tests.test_endocrinopront.TestPatientsEndpoint" name="test_create_patient_requires_auth" time="0.002" /><testcase classname="backend.tests.test_endocrinopront.TestBackendHealth" name="test_backend_responds" time="0.003" /><testcase classname="backend.tests.test_endocrinopront.TestBackendHealth" name="test_swagger_docs_accessible" time="0.002" /><testcase classname="backend.tests.test_endocrinopront.TestBackendHealth" name="test_login_response_tokens_are_strings" time="0.437" /></testsuite></testsuites>