<?xml version="1.0" encoding="utf-8"?><testsuites name="pytest tests"><testsuite name="pytest" errors="22" failures="0" skipped="0" tests="22" time="0.863" timestamp="2026-03-03T00:45:48.470363+00:00" hostname="agent-env-9a6cdae2-d428-4461-8062-2bd178138b00"><testcase classname="tests.test_agenda_module.TestAgendaList" name="test_list_all_appointments" time="0.584"><error message="failed on setup with &quot;AssertionError: Login failed: {&quot;accessToken&quot;:&quot;eyJhbGciOiJIUzI1NiIsInR5cCI6IkpXVCJ9.eyJzdWIiOiJkYTZmZjNhZC0wMGU1LTQ0ZTEtOGVjYy0zNjIwMjU0NTk4MTkiLCJ0ZW5hbnRJZCI6ImNsaXRlbmFudDAwMDAwMDAwMDAwMDAwMDEiLCJlbWFpbCI6InJhZmFlbGxhcmFyNjVAZ21haWwuY29tIiwicm9sZXMiOlsiTUVESUNPIl0sImlhdCI6MTc3MjQ5ODc0OCwiZXhwIjoxNzcyNDk5NjQ4fQ.wbBx7MHsfiw0AWNdikc9z2d-MHq4ZLJJfnH3hbvuRPw&quot;,&quot;refreshToken&quot;:&quot;BhzA7VSOrN06kV3OpBlBINEM-cvxPl9S9pIk70bxSoUPu1HTLzNvIutWhoPL9m_X&quot;,&quot;user&quot;:{&quot;id&quot;:&quot;da6ff3ad-00e5-44e1-8ecc-362025459819&quot;,&quot;tenantId&quot;:&quot;clitenant0000000000000001&quot;,&quot;email&quot;:&quot;rafaellarar65@gmail.com&quot;,&quot;fullName&quot;:&quot;Dr. Administrador&quot;,&quot;roles&quot;:[&quot;MEDICO&quot;]}}&#10;assert 201 == 200&#10; +  where 201 = &lt;Response [201]&gt;.status_code&quot;">tests/test_agenda_module.py:27: in auth_token
    assert response.status_code == 200, f"Login failed: {response.text}"
E   AssertionError: Login failed: {"accessToken":"eyJhbGciOiJIUzI1NiIsInR5cCI6IkpXVCJ9.eyJzdWIiOiJkYTZmZjNhZC0wMGU1LTQ0ZTEtOGVjYy0zNjIwMjU0NTk4MTkiLCJ0ZW5hbnRJZCI6ImNsaXRlbmFudDAwMDAwMDAwMDAwMDAwMDEiLCJlbWFpbCI6InJhZmFlbGxhcmFyNjVAZ21haWwuY29tIiwicm9sZXMiOlsiTUVESUNPIl0sImlhdCI6MTc3MjQ5ODc0OCwiZXhwIjoxNzcyNDk5NjQ4fQ.wbBx7MHsfiw0AWNdikc9z2d-MHq4ZLJJfnH3hbvuRPw","refreshToken":"BhzA7VSOrN06kV3OpBlBINEM-cvxPl9S9pIk70bxSoUPu1HTLzNvIutWhoPL9m_X","user":{"id":"da6ff3ad-00e5-44e1-8ecc-362025459819","tenantId":"clitenant0000000000000001","email":"rafaellarar65@gmail.com","fullName":"Dr. Administrador","roles":["MEDICO"]}}
E   assert 201 == 200
E    +  where 201 = &lt;Response [201]&gt;.status_code</error></testcase><testcase classname="tests.test_agenda_module.TestAgendaList" name="test_list_appointments_filter_by_date" time="0.000"><error message="failed on setup with &quot;AssertionError: Login failed: {&quot;accessToken&quot;:&quot;eyJhbGciOiJIUzI1NiIsInR5cCI6IkpXVCJ9.eyJzdWIiOiJkYTZmZjNhZC0wMGU1LTQ0ZTEtOGVjYy0zNjIwMjU0NTk4MTkiLCJ0ZW5hbnRJZCI6ImNsaXRlbmFudDAwMDAwMDAwMDAwMDAwMDEiLCJlbWFpbCI6InJhZmFlbGxhcmFyNjVAZ21haWwuY29tIiwicm9sZXMiOlsiTUVESUNPIl0sImlhdCI6MTc3MjQ5ODc0OCwiZXhwIjoxNzcyNDk5NjQ4fQ.wbBx7MHsfiw0AWNdikc9z2d-MHq4ZLJJfnH3hbvuRPw&quot;,&quot;refreshToken&quot;:&quot;BhzA7VSOrN06kV3OpBlBINEM-cvxPl9S9pIk70bxSoUPu1HTLzNvIutWhoPL9m_X&quot;,&quot;user&quot;:{&quot;id&quot;:&quot;da6ff3ad-00e5-44e1-8ecc-362025459819&quot;,&quot;tenantId&quot;:&quot;clitenant0000000000000001&quot;,&quot;email&quot;:&quot;rafaellarar65@gmail.com&quot;,&quot;fullName&quot;:&quot;Dr. Administrador&quot;,&quot;roles&quot;:[&quot;MEDICO&quot;]}}&#10;assert 201 == 200&#10; +  where 201 = &lt;Response [201]&gt;.status_code&quot;">tests/test_agenda_module.py:27: in auth_token
    assert response.status_code == 200, f"Login failed: {response.text}"
E   AssertionError: Login failed: {"accessToken":"eyJhbGciOiJIUzI1NiIsInR5cCI6IkpXVCJ9.eyJzdWIiOiJkYTZmZjNhZC0wMGU1LTQ0ZTEtOGVjYy0zNjIwMjU0NTk4MTkiLCJ0ZW5hbnRJZCI6ImNsaXRlbmFudDAwMDAwMDAwMDAwMDAwMDEiLCJlbWFpbCI6InJhZmFlbGxhcmFyNjVAZ21haWwuY29tIiwicm9sZXMiOlsiTUVESUNPIl0sImlhdCI6MTc3MjQ5ODc0OCwiZXhwIjoxNzcyNDk5NjQ4fQ.wbBx7MHsfiw0AWNdikc9z2d-MHq4ZLJJfnH3hbvuRPw","refreshToken":"BhzA7VSOrN06kV3OpBlBINEM-cvxPl9S9pIk70bxSoUPu1HTLzNvIutWhoPL9m_X","user":{"id":"da6ff3ad-00e5-44e1-8ecc-362025459819","tenantId":"clitenant0000000000000001","email":"rafaellarar65@gmail.com","fullName":"Dr. Administrador","roles":["MEDICO"]}}
E   assert 201 == 200
E    +  where 201 = &lt;Response [201]&gt;.status_code</error></testcase><testcase classname="tests.test_agenda_module.TestAgendaList" name="test_list_appointments_empty_date" time="0.001"><error message="failed on setup with &quot;AssertionError: Login failed: {&quot;accessToken&quot;:&quot;eyJhbGciOiJIUzI1NiIsInR5cCI6IkpXVCJ9.eyJzdWIiOiJkYTZmZjNhZC0wMGU1LTQ0ZTEtOGVjYy0zNjIwMjU0NTk4MTkiLCJ0ZW5hbnRJZCI6ImNsaXRlbmFudDAwMDAwMDAwMDAwMDAwMDEiLCJlbWFpbCI6InJhZmFlbGxhcmFyNjVAZ21haWwuY29tIiwicm9sZXMiOlsiTUVESUNPIl0sImlhdCI6MTc3MjQ5ODc0OCwiZXhwIjoxNzcyNDk5NjQ4fQ.wbBx7MHsfiw0AWNdikc9z2d-MHq4ZLJJfnH3hbvuRPw&quot;,&quot;refreshToken&quot;:&quot;BhzA7VSOrN06kV3OpBlBINEM-cvxPl9S9pIk70bxSoUPu1HTLzNvIutWhoPL9m_X&quot;,&quot;user&quot;:{&quot;id&quot;:&quot;da6ff3ad-00e5-44e1-8ecc-362025459819&quot;,&quot;tenantId&quot;:&quot;clitenant0000000000000001&quot;,&quot;email&quot;:&quot;rafaellarar65@gmail.com&quot;,&quot;fullName&quot;:&quot;Dr. Administrador&quot;,&quot;roles&quot;:[&quot;MEDICO&quot;]}}&#10;assert 201 == 200&#10; +  where 201 = &lt;Response [201]&gt;.status_code&quot;">tests/test_agenda_module.py:27: in auth_token
    assert response.status_code == 200, f"Login failed: {response.text}"
E   AssertionError: Login failed: {"accessToken":"eyJhbGciOiJIUzI1NiIsInR5cCI6IkpXVCJ9.eyJzdWIiOiJkYTZmZjNhZC0wMGU1LTQ0ZTEtOGVjYy0zNjIwMjU0NTk4MTkiLCJ0ZW5hbnRJZCI6ImNsaXRlbmFudDAwMDAwMDAwMDAwMDAwMDEiLCJlbWFpbCI6InJhZmFlbGxhcmFyNjVAZ21haWwuY29tIiwicm9sZXMiOlsiTUVESUNPIl0sImlhdCI6MTc3MjQ5ODc0OCwiZXhwIjoxNzcyNDk5NjQ4fQ.wbBx7MHsfiw0AWNdikc9z2d-MHq4ZLJJfnH3hbvuRPw","refreshToken":"BhzA7VSOrN06kV3OpBlBINEM-cvxPl9S9pIk70bxSoUPu1HTLzNvIutWhoPL9m_X","user":{"id":"da6ff3ad-00e5-44e1-8ecc-362025459819","tenantId":"clitenant0000000000000001","email":"rafaellarar65@gmail.com","fullName":"Dr. Administrador","roles":["MEDICO"]}}
E   assert 201 == 200
E    +  where 201 = &lt;Response [201]&gt;.status_code</error></testcase><testcase classname="tests.test_agenda_module.TestAgendaGetById" name="test_get_existing_appointment" time="0.003"><error message="failed on setup with &quot;AssertionError: Login failed: {&quot;accessToken&quot;:&quot;eyJhbGciOiJIUzI1NiIsInR5cCI6IkpXVCJ9.eyJzdWIiOiJkYTZmZjNhZC0wMGU1LTQ0ZTEtOGVjYy0zNjIwMjU0NTk4MTkiLCJ0ZW5hbnRJZCI6ImNsaXRlbmFudDAwMDAwMDAwMDAwMDAwMDEiLCJlbWFpbCI6InJhZmFlbGxhcmFyNjVAZ21haWwuY29tIiwicm9sZXMiOlsiTUVESUNPIl0sImlhdCI6MTc3MjQ5ODc0OCwiZXhwIjoxNzcyNDk5NjQ4fQ.wbBx7MHsfiw0AWNdikc9z2d-MHq4ZLJJfnH3hbvuRPw&quot;,&quot;refreshToken&quot;:&quot;BhzA7VSOrN06kV3OpBlBINEM-cvxPl9S9pIk70bxSoUPu1HTLzNvIutWhoPL9m_X&quot;,&quot;user&quot;:{&quot;id&quot;:&quot;da6ff3ad-00e5-44e1-8ecc-362025459819&quot;,&quot;tenantId&quot;:&quot;clitenant0000000000000001&quot;,&quot;email&quot;:&quot;rafaellarar65@gmail.com&quot;,&quot;fullName&quot;:&quot;Dr. Administrador&quot;,&quot;roles&quot;:[&quot;MEDICO&quot;]}}&#10;assert 201 == 200&#10; +  where 201 = &lt;Response [201]&gt;.status_code&quot;">tests/test_agenda_module.py:27: in auth_token
    assert response.status_code == 200, f"Login failed: {response.text}"
E   AssertionError: Login failed: {"accessToken":"eyJhbGciOiJIUzI1NiIsInR5cCI6IkpXVCJ9.eyJzdWIiOiJkYTZmZjNhZC0wMGU1LTQ0ZTEtOGVjYy0zNjIwMjU0NTk4MTkiLCJ0ZW5hbnRJZCI6ImNsaXRlbmFudDAwMDAwMDAwMDAwMDAwMDEiLCJlbWFpbCI6InJhZmFlbGxhcmFyNjVAZ21haWwuY29tIiwicm9sZXMiOlsiTUVESUNPIl0sImlhdCI6MTc3MjQ5ODc0OCwiZXhwIjoxNzcyNDk5NjQ4fQ.wbBx7MHsfiw0AWNdikc9z2d-MHq4ZLJJfnH3hbvuRPw","refreshToken":"BhzA7VSOrN06kV3OpBlBINEM-cvxPl9S9pIk70bxSoUPu1HTLzNvIutWhoPL9m_X","user":{"id":"da6ff3ad-00e5-44e1-8ecc-362025459819","tenantId":"clitenant0000000000000001","email":"rafaellarar65@gmail.com","fullName":"Dr. Administrador","roles":["MEDICO"]}}
E   assert 201 == 200
E    +  where 201 = &lt;Response [201]&gt;.status_code</error></testcase><testcase classname="tests.test_agenda_module.TestAgendaGetById" name="test_get_nonexistent_appointment" time="0.000"><error message="failed on setup with &quot;AssertionError: Login failed: {&quot;accessToken&quot;:&quot;eyJhbGciOiJIUzI1NiIsInR5cCI6IkpXVCJ9.eyJzdWIiOiJkYTZmZjNhZC0wMGU1LTQ0ZTEtOGVjYy0zNjIwMjU0NTk4MTkiLCJ0ZW5hbnRJZCI6ImNsaXRlbmFudDAwMDAwMDAwMDAwMDAwMDEiLCJlbWFpbCI6InJhZmFlbGxhcmFyNjVAZ21haWwuY29tIiwicm9sZXMiOlsiTUVESUNPIl0sImlhdCI6MTc3MjQ5ODc0OCwiZXhwIjoxNzcyNDk5NjQ4fQ.wbBx7MHsfiw0AWNdikc9z2d-MHq4ZLJJfnH3hbvuRPw&quot;,&quot;refreshToken&quot;:&quot;BhzA7VSOrN06kV3OpBlBINEM-cvxPl9S9pIk70bxSoUPu1HTLzNvIutWhoPL9m_X&quot;,&quot;user&quot;:{&quot;id&quot;:&quot;da6ff3ad-00e5-44e1-8ecc-362025459819&quot;,&quot;tenantId&quot;:&quot;clitenant0000000000000001&quot;,&quot;email&quot;:&quot;rafaellarar65@gmail.com&quot;,&quot;fullName&quot;:&quot;Dr. Administrador&quot;,&quot;roles&quot;:[&quot;MEDICO&quot;]}}&#10;assert 201 == 200&#10; +  where 201 = &lt;Response [201]&gt;.status_code&quot;">tests/test_agenda_module.py:27: in auth_token
    assert response.status_code == 200, f"Login failed: {response.text}"
E   AssertionError: Login failed: {"accessToken":"eyJhbGciOiJIUzI1NiIsInR5cCI6IkpXVCJ9.eyJzdWIiOiJkYTZmZjNhZC0wMGU1LTQ0ZTEtOGVjYy0zNjIwMjU0NTk4MTkiLCJ0ZW5hbnRJZCI6ImNsaXRlbmFudDAwMDAwMDAwMDAwMDAwMDEiLCJlbWFpbCI6InJhZmFlbGxhcmFyNjVAZ21haWwuY29tIiwicm9sZXMiOlsiTUVESUNPIl0sImlhdCI6MTc3MjQ5ODc0OCwiZXhwIjoxNzcyNDk5NjQ4fQ.wbBx7MHsfiw0AWNdikc9z2d-MHq4ZLJJfnH3hbvuRPw","refreshToken":"BhzA7VSOrN06kV3OpBlBINEM-cvxPl9S9pIk70bxSoUPu1HTLzNvIutWhoPL9m_X","user":{"id":"da6ff3ad-00e5-44e1-8ecc-362025459819","tenantId":"clitenant0000000000000001","email":"rafaellarar65@gmail.com","fullName":"Dr. Administrador","roles":["MEDICO"]}}
E   assert 201 == 200
E    +  where 201 = &lt;Response [201]&gt;.status_code</error></testcase><testcase classname="tests.test_agenda_module.TestAgendaCreate" name="test_create_appointment_success" time="0.000"><error message="failed on setup with &quot;AssertionError: Login failed: {&quot;accessToken&quot;:&quot;eyJhbGciOiJIUzI1NiIsInR5cCI6IkpXVCJ9.eyJzdWIiOiJkYTZmZjNhZC0wMGU1LTQ0ZTEtOGVjYy0zNjIwMjU0NTk4MTkiLCJ0ZW5hbnRJZCI6ImNsaXRlbmFudDAwMDAwMDAwMDAwMDAwMDEiLCJlbWFpbCI6InJhZmFlbGxhcmFyNjVAZ21haWwuY29tIiwicm9sZXMiOlsiTUVESUNPIl0sImlhdCI6MTc3MjQ5ODc0OCwiZXhwIjoxNzcyNDk5NjQ4fQ.wbBx7MHsfiw0AWNdikc9z2d-MHq4ZLJJfnH3hbvuRPw&quot;,&quot;refreshToken&quot;:&quot;BhzA7VSOrN06kV3OpBlBINEM-cvxPl9S9pIk70bxSoUPu1HTLzNvIutWhoPL9m_X&quot;,&quot;user&quot;:{&quot;id&quot;:&quot;da6ff3ad-00e5-44e1-8ecc-362025459819&quot;,&quot;tenantId&quot;:&quot;clitenant0000000000000001&quot;,&quot;email&quot;:&quot;rafaellarar65@gmail.com&quot;,&quot;fullName&quot;:&quot;Dr. Administrador&quot;,&quot;roles&quot;:[&quot;MEDICO&quot;]}}&#10;assert 201 == 200&#10; +  where 201 = &lt;Response [201]&gt;.status_code&quot;">tests/test_agenda_module.py:27: in auth_token
    assert response.status_code == 200, f"Login failed: {response.text}"
E   AssertionError: Login failed: {"accessToken":"eyJhbGciOiJIUzI1NiIsInR5cCI6IkpXVCJ9.eyJzdWIiOiJkYTZmZjNhZC0wMGU1LTQ0ZTEtOGVjYy0zNjIwMjU0NTk4MTkiLCJ0ZW5hbnRJZCI6ImNsaXRlbmFudDAwMDAwMDAwMDAwMDAwMDEiLCJlbWFpbCI6InJhZmFlbGxhcmFyNjVAZ21haWwuY29tIiwicm9sZXMiOlsiTUVESUNPIl0sImlhdCI6MTc3MjQ5ODc0OCwiZXhwIjoxNzcyNDk5NjQ4fQ.wbBx7MHsfiw0AWNdikc9z2d-MHq4ZLJJfnH3hbvuRPw","refreshToken":"BhzA7VSOrN06kV3OpBlBINEM-cvxPl9S9pIk70bxSoUPu1HTLzNvIutWhoPL9m_X","user":{"id":"da6ff3ad-00e5-44e1-8ecc-362025459819","tenantId":"clitenant0000000000000001","email":"rafaellarar65@gmail.com","fullName":"Dr. Administrador","roles":["MEDICO"]}}
E   assert 201 == 200
E    +  where 201 = &lt;Response [201]&gt;.status_code</error></testcase><testcase classname="tests.test_agenda_module.TestAgendaCreate" name="test_create_appointment_primeira_consulta" time="0.000"><error message="failed on setup with &quot;AssertionError: Login failed: {&quot;accessToken&quot;:&quot;eyJhbGciOiJIUzI1NiIsInR5cCI6IkpXVCJ9.eyJzdWIiOiJkYTZmZjNhZC0wMGU1LTQ0ZTEtOGVjYy0zNjIwMjU0NTk4MTkiLCJ0ZW5hbnRJZCI6ImNsaXRlbmFudDAwMDAwMDAwMDAwMDAwMDEiLCJlbWFpbCI6InJhZmFlbGxhcmFyNjVAZ21haWwuY29tIiwicm9sZXMiOlsiTUVESUNPIl0sImlhdCI6MTc3MjQ5ODc0OCwiZXhwIjoxNzcyNDk5NjQ4fQ.wbBx7MHsfiw0AWNdikc9z2d-MHq4ZLJJfnH3hbvuRPw&quot;,&quot;refreshToken&quot;:&quot;BhzA7VSOrN06kV3OpBlBINEM-cvxPl9S9pIk70bxSoUPu1HTLzNvIutWhoPL9m_X&quot;,&quot;user&quot;:{&quot;id&quot;:&quot;da6ff3ad-00e5-44e1-8ecc-362025459819&quot;,&quot;tenantId&quot;:&quot;clitenant0000000000000001&quot;,&quot;email&quot;:&quot;rafaellarar65@gmail.com&quot;,&quot;fullName&quot;:&quot;Dr. Administrador&quot;,&quot;roles&quot;:[&quot;MEDICO&quot;]}}&#10;assert 201 == 200&#10; +  where 201 = &lt;Response [201]&gt;.status_code&quot;">tests/test_agenda_module.py:27: in auth_token
    assert response.status_code == 200, f"Login failed: {response.text}"
E   AssertionError: Login failed: {"accessToken":"eyJhbGciOiJIUzI1NiIsInR5cCI6IkpXVCJ9.eyJzdWIiOiJkYTZmZjNhZC0wMGU1LTQ0ZTEtOGVjYy0zNjIwMjU0NTk4MTkiLCJ0ZW5hbnRJZCI6ImNsaXRlbmFudDAwMDAwMDAwMDAwMDAwMDEiLCJlbWFpbCI6InJhZmFlbGxhcmFyNjVAZ21haWwuY29tIiwicm9sZXMiOlsiTUVESUNPIl0sImlhdCI6MTc3MjQ5ODc0OCwiZXhwIjoxNzcyNDk5NjQ4fQ.wbBx7MHsfiw0AWNdikc9z2d-MHq4ZLJJfnH3hbvuRPw","refreshToken":"BhzA7VSOrN06kV3OpBlBINEM-cvxPl9S9pIk70bxSoUPu1HTLzNvIutWhoPL9m_X","user":{"id":"da6ff3ad-00e5-44e1-8ecc-362025459819","tenantId":"clitenant0000000000000001","email":"rafaellarar65@gmail.com","fullName":"Dr. Administrador","roles":["MEDICO"]}}
E   assert 201 == 200
E    +  where 201 = &lt;Response [201]&gt;.status_code</error></testcase><testcase classname="tests.test_agenda_module.TestAgendaCreate" name="test_create_appointment_teleconsulta" time="0.000"><error message="failed on setup with &quot;AssertionError: Login failed: {&quot;accessToken&quot;:&quot;eyJhbGciOiJIUzI1NiIsInR5cCI6IkpXVCJ9.eyJzdWIiOiJkYTZmZjNhZC0wMGU1LTQ0ZTEtOGVjYy0zNjIwMjU0NTk4MTkiLCJ0ZW5hbnRJZCI6ImNsaXRlbmFudDAwMDAwMDAwMDAwMDAwMDEiLCJlbWFpbCI6InJhZmFlbGxhcmFyNjVAZ21haWwuY29tIiwicm9sZXMiOlsiTUVESUNPIl0sImlhdCI6MTc3MjQ5ODc0OCwiZXhwIjoxNzcyNDk5NjQ4fQ.wbBx7MHsfiw0AWNdikc9z2d-MHq4ZLJJfnH3hbvuRPw&quot;,&quot;refreshToken&quot;:&quot;BhzA7VSOrN06kV3OpBlBINEM-cvxPl9S9pIk70bxSoUPu1HTLzNvIutWhoPL9m_X&quot;,&quot;user&quot;:{&quot;id&quot;:&quot;da6ff3ad-00e5-44e1-8ecc-362025459819&quot;,&quot;tenantId&quot;:&quot;clitenant0000000000000001&quot;,&quot;email&quot;:&quot;rafaellarar65@gmail.com&quot;,&quot;fullName&quot;:&quot;Dr. Administrador&quot;,&quot;roles&quot;:[&quot;MEDICO&quot;]}}&#10;assert 201 == 200&#10; +  where 201 = &lt;Response [201]&gt;.status_code&quot;">tests/test_agenda_module.py:27: in auth_token
    assert response.status_code == 200, f"Login failed: {response.text}"
E   AssertionError: Login failed: {"accessToken":"eyJhbGciOiJIUzI1NiIsInR5cCI6IkpXVCJ9.eyJzdWIiOiJkYTZmZjNhZC0wMGU1LTQ0ZTEtOGVjYy0zNjIwMjU0NTk4MTkiLCJ0ZW5hbnRJZCI6ImNsaXRlbmFudDAwMDAwMDAwMDAwMDAwMDEiLCJlbWFpbCI6InJhZmFlbGxhcmFyNjVAZ21haWwuY29tIiwicm9sZXMiOlsiTUVESUNPIl0sImlhdCI6MTc3MjQ5ODc0OCwiZXhwIjoxNzcyNDk5NjQ4fQ.wbBx7MHsfiw0AWNdikc9z2d-MHq4ZLJJfnH3hbvuRPw","refreshToken":"BhzA7VSOrN06kV3OpBlBINEM-cvxPl9S9pIk70bxSoUPu1HTLzNvIutWhoPL9m_X","user":{"id":"da6ff3ad-00e5-44e1-8ecc-362025459819","tenantId":"clitenant0000000000000001","email":"rafaellarar65@gmail.com","fullName":"Dr. Administrador","roles":["MEDICO"]}}
E   assert 201 == 200
E    +  where 201 = &lt;Response [201]&gt;.status_code</error></testcase><testcase classname="tests.test_agenda_module.TestAgendaCreate" name="test_create_appointment_exame" time="0.000"><error message="failed on setup with &quot;AssertionError: Login failed: {&quot;accessToken&quot;:&quot;eyJhbGciOiJIUzI1NiIsInR5cCI6IkpXVCJ9.eyJzdWIiOiJkYTZmZjNhZC0wMGU1LTQ0ZTEtOGVjYy0zNjIwMjU0NTk4MTkiLCJ0ZW5hbnRJZCI6ImNsaXRlbmFudDAwMDAwMDAwMDAwMDAwMDEiLCJlbWFpbCI6InJhZmFlbGxhcmFyNjVAZ21haWwuY29tIiwicm9sZXMiOlsiTUVESUNPIl0sImlhdCI6MTc3MjQ5ODc0OCwiZXhwIjoxNzcyNDk5NjQ4fQ.wbBx7MHsfiw0AWNdikc9z2d-MHq4ZLJJfnH3hbvuRPw&quot;,&quot;refreshToken&quot;:&quot;BhzA7VSOrN06kV3OpBlBINEM-cvxPl9S9pIk70bxSoUPu1HTLzNvIutWhoPL9m_X&quot;,&quot;user&quot;:{&quot;id&quot;:&quot;da6ff3ad-00e5-44e1-8ecc-362025459819&quot;,&quot;tenantId&quot;:&quot;clitenant0000000000000001&quot;,&quot;email&quot;:&quot;rafaellarar65@gmail.com&quot;,&quot;fullName&quot;:&quot;Dr. Administrador&quot;,&quot;roles&quot;:[&quot;MEDICO&quot;]}}&#10;assert 201 == 200&#10; +  where 201 = &lt;Response [201]&gt;.status_code&quot;">tests/test_agenda_module.py:27: in auth_token
    assert response.status_code == 200, f"Login failed: {response.text}"
E   AssertionError: Login failed: {"accessToken":"eyJhbGciOiJIUzI1NiIsInR5cCI6IkpXVCJ9.eyJzdWIiOiJkYTZmZjNhZC0wMGU1LTQ0ZTEtOGVjYy0zNjIwMjU0NTk4MTkiLCJ0ZW5hbnRJZCI6ImNsaXRlbmFudDAwMDAwMDAwMDAwMDAwMDEiLCJlbWFpbCI6InJhZmFlbGxhcmFyNjVAZ21haWwuY29tIiwicm9sZXMiOlsiTUVESUNPIl0sImlhdCI6MTc3MjQ5ODc0OCwiZXhwIjoxNzcyNDk5NjQ4fQ.wbBx7MHsfiw0AWNdikc9z2d-MHq4ZLJJfnH3hbvuRPw","refreshToken":"BhzA7VSOrN06kV3OpBlBINEM-cvxPl9S9pIk70bxSoUPu1HTLzNvIutWhoPL9m_X","user":{"id":"da6ff3ad-00e5-44e1-8ecc-362025459819","tenantId":"clitenant0000000000000001","email":"rafaellarar65@gmail.com","fullName":"Dr. Administrador","roles":["MEDICO"]}}
E   assert 201 == 200
E    +  where 201 = &lt;Response [201]&gt;.status_code</error></testcase><testcase classname="tests.test_agenda_module.TestAgendaCreate" name="test_create_appointment_invalid_patient" time="0.000"><error message="failed on setup with &quot;AssertionError: Login failed: {&quot;accessToken&quot;:&quot;eyJhbGciOiJIUzI1NiIsInR5cCI6IkpXVCJ9.eyJzdWIiOiJkYTZmZjNhZC0wMGU1LTQ0ZTEtOGVjYy0zNjIwMjU0NTk4MTkiLCJ0ZW5hbnRJZCI6ImNsaXRlbmFudDAwMDAwMDAwMDAwMDAwMDEiLCJlbWFpbCI6InJhZmFlbGxhcmFyNjVAZ21haWwuY29tIiwicm9sZXMiOlsiTUVESUNPIl0sImlhdCI6MTc3MjQ5ODc0OCwiZXhwIjoxNzcyNDk5NjQ4fQ.wbBx7MHsfiw0AWNdikc9z2d-MHq4ZLJJfnH3hbvuRPw&quot;,&quot;refreshToken&quot;:&quot;BhzA7VSOrN06kV3OpBlBINEM-cvxPl9S9pIk70bxSoUPu1HTLzNvIutWhoPL9m_X&quot;,&quot;user&quot;:{&quot;id&quot;:&quot;da6ff3ad-00e5-44e1-8ecc-362025459819&quot;,&quot;tenantId&quot;:&quot;clitenant0000000000000001&quot;,&quot;email&quot;:&quot;rafaellarar65@gmail.com&quot;,&quot;fullName&quot;:&quot;Dr. Administrador&quot;,&quot;roles&quot;:[&quot;MEDICO&quot;]}}&#10;assert 201 == 200&#10; +  where 201 = &lt;Response [201]&gt;.status_code&quot;">tests/test_agenda_module.py:27: in auth_token
    assert response.status_code == 200, f"Login failed: {response.text}"
E   AssertionError: Login failed: {"accessToken":"eyJhbGciOiJIUzI1NiIsInR5cCI6IkpXVCJ9.eyJzdWIiOiJkYTZmZjNhZC0wMGU1LTQ0ZTEtOGVjYy0zNjIwMjU0NTk4MTkiLCJ0ZW5hbnRJZCI6ImNsaXRlbmFudDAwMDAwMDAwMDAwMDAwMDEiLCJlbWFpbCI6InJhZmFlbGxhcmFyNjVAZ21haWwuY29tIiwicm9sZXMiOlsiTUVESUNPIl0sImlhdCI6MTc3MjQ5ODc0OCwiZXhwIjoxNzcyNDk5NjQ4fQ.wbBx7MHsfiw0AWNdikc9z2d-MHq4ZLJJfnH3hbvuRPw","refreshToken":"BhzA7VSOrN06kV3OpBlBINEM-cvxPl9S9pIk70bxSoUPu1HTLzNvIutWhoPL9m_X","user":{"id":"da6ff3ad-00e5-44e1-8ecc-362025459819","tenantId":"clitenant0000000000000001","email":"rafaellarar65@gmail.com","fullName":"Dr. Administrador","roles":["MEDICO"]}}
E   assert 201 == 200
E    +  where 201 = &lt;Response [201]&gt;.status_code</error></testcase><testcase classname="tests.test_agenda_module.TestAgendaCreate" name="test_create_appointment_invalid_time_format" time="0.001"><error message="failed on setup with &quot;AssertionError: Login failed: {&quot;accessToken&quot;:&quot;eyJhbGciOiJIUzI1NiIsInR5cCI6IkpXVCJ9.eyJzdWIiOiJkYTZmZjNhZC0wMGU1LTQ0ZTEtOGVjYy0zNjIwMjU0NTk4MTkiLCJ0ZW5hbnRJZCI6ImNsaXRlbmFudDAwMDAwMDAwMDAwMDAwMDEiLCJlbWFpbCI6InJhZmFlbGxhcmFyNjVAZ21haWwuY29tIiwicm9sZXMiOlsiTUVESUNPIl0sImlhdCI6MTc3MjQ5ODc0OCwiZXhwIjoxNzcyNDk5NjQ4fQ.wbBx7MHsfiw0AWNdikc9z2d-MHq4ZLJJfnH3hbvuRPw&quot;,&quot;refreshToken&quot;:&quot;BhzA7VSOrN06kV3OpBlBINEM-cvxPl9S9pIk70bxSoUPu1HTLzNvIutWhoPL9m_X&quot;,&quot;user&quot;:{&quot;id&quot;:&quot;da6ff3ad-00e5-44e1-8ecc-362025459819&quot;,&quot;tenantId&quot;:&quot;clitenant0000000000000001&quot;,&quot;email&quot;:&quot;rafaellarar65@gmail.com&quot;,&quot;fullName&quot;:&quot;Dr. Administrador&quot;,&quot;roles&quot;:[&quot;MEDICO&quot;]}}&#10;assert 201 == 200&#10; +  where 201 = &lt;Response [201]&gt;.status_code&quot;">tests/test_agenda_module.py:27: in auth_token
    assert response.status_code == 200, f"Login failed: {response.text}"
E   AssertionError: Login failed: {"accessToken":"eyJhbGciOiJIUzI1NiIsInR5cCI6IkpXVCJ9.eyJzdWIiOiJkYTZmZjNhZC0wMGU1LTQ0ZTEtOGVjYy0zNjIwMjU0NTk4MTkiLCJ0ZW5hbnRJZCI6ImNsaXRlbmFudDAwMDAwMDAwMDAwMDAwMDEiLCJlbWFpbCI6InJhZmFlbGxhcmFyNjVAZ21haWwuY29tIiwicm9sZXMiOlsiTUVESUNPIl0sImlhdCI6MTc3MjQ5ODc0OCwiZXhwIjoxNzcyNDk5NjQ4fQ.wbBx7MHsfiw0AWNdikc9z2d-MHq4ZLJJfnH3hbvuRPw","refreshToken":"BhzA7VSOrN06kV3OpBlBINEM-cvxPl9S9pIk70bxSoUPu1HTLzNvIutWhoPL9m_X","user":{"id":"da6ff3ad-00e5-44e1-8ecc-362025459819","tenantId":"clitenant0000000000000001","email":"rafaellarar65@gmail.com","fullName":"Dr. Administrador","roles":["MEDICO"]}}
E   assert 201 == 200
E    +  where 201 = &lt;Response [201]&gt;.status_code</error></testcase><testcase classname="tests.test_agenda_module.TestAgendaCreate" name="test_create_appointment_missing_required_fields" time="0.001"><error message="failed on setup with &quot;AssertionError: Login failed: {&quot;accessToken&quot;:&quot;eyJhbGciOiJIUzI1NiIsInR5cCI6IkpXVCJ9.eyJzdWIiOiJkYTZmZjNhZC0wMGU1LTQ0ZTEtOGVjYy0zNjIwMjU0NTk4MTkiLCJ0ZW5hbnRJZCI6ImNsaXRlbmFudDAwMDAwMDAwMDAwMDAwMDEiLCJlbWFpbCI6InJhZmFlbGxhcmFyNjVAZ21haWwuY29tIiwicm9sZXMiOlsiTUVESUNPIl0sImlhdCI6MTc3MjQ5ODc0OCwiZXhwIjoxNzcyNDk5NjQ4fQ.wbBx7MHsfiw0AWNdikc9z2d-MHq4ZLJJfnH3hbvuRPw&quot;,&quot;refreshToken&quot;:&quot;BhzA7VSOrN06kV3OpBlBINEM-cvxPl9S9pIk70bxSoUPu1HTLzNvIutWhoPL9m_X&quot;,&quot;user&quot;:{&quot;id&quot;:&quot;da6ff3ad-00e5-44e1-8ecc-362025459819&quot;,&quot;tenantId&quot;:&quot;clitenant0000000000000001&quot;,&quot;email&quot;:&quot;rafaellarar65@gmail.com&quot;,&quot;fullName&quot;:&quot;Dr. Administrador&quot;,&quot;roles&quot;:[&quot;MEDICO&quot;]}}&#10;assert 201 == 200&#10; +  where 201 = &lt;Response [201]&gt;.status_code&quot;">tests/test_agenda_module.py:27: in auth_token
    assert response.status_code == 200, f"Login failed: {response.text}"
E   AssertionError: Login failed: {"accessToken":"eyJhbGciOiJIUzI1NiIsInR5cCI6IkpXVCJ9.eyJzdWIiOiJkYTZmZjNhZC0wMGU1LTQ0ZTEtOGVjYy0zNjIwMjU0NTk4MTkiLCJ0ZW5hbnRJZCI6ImNsaXRlbmFudDAwMDAwMDAwMDAwMDAwMDEiLCJlbWFpbCI6InJhZmFlbGxhcmFyNjVAZ21haWwuY29tIiwicm9sZXMiOlsiTUVESUNPIl0sImlhdCI6MTc3MjQ5ODc0OCwiZXhwIjoxNzcyNDk5NjQ4fQ.wbBx7MHsfiw0AWNdikc9z2d-MHq4ZLJJfnH3hbvuRPw","refreshToken":"BhzA7VSOrN06kV3OpBlBINEM-cvxPl9S9pIk70bxSoUPu1HTLzNvIutWhoPL9m_X","user":{"id":"da6ff3ad-00e5-44e1-8ecc-362025459819","tenantId":"clitenant0000000000000001","email":"rafaellarar65@gmail.com","fullName":"Dr. Administrador","roles":["MEDICO"]}}
E   assert 201 == 200
E    +  where 201 = &lt;Response [201]&gt;.status_code</error></testcase><testcase classname="tests.test_agenda_module.TestAgendaUpdate" name="test_update_appointment_status" time="0.000"><error message="failed on setup with &quot;AssertionError: Login failed: {&quot;accessToken&quot;:&quot;eyJhbGciOiJIUzI1NiIsInR5cCI6IkpXVCJ9.eyJzdWIiOiJkYTZmZjNhZC0wMGU1LTQ0ZTEtOGVjYy0zNjIwMjU0NTk4MTkiLCJ0ZW5hbnRJZCI6ImNsaXRlbmFudDAwMDAwMDAwMDAwMDAwMDEiLCJlbWFpbCI6InJhZmFlbGxhcmFyNjVAZ21haWwuY29tIiwicm9sZXMiOlsiTUVESUNPIl0sImlhdCI6MTc3MjQ5ODc0OCwiZXhwIjoxNzcyNDk5NjQ4fQ.wbBx7MHsfiw0AWNdikc9z2d-MHq4ZLJJfnH3hbvuRPw&quot;,&quot;refreshToken&quot;:&quot;BhzA7VSOrN06kV3OpBlBINEM-cvxPl9S9pIk70bxSoUPu1HTLzNvIutWhoPL9m_X&quot;,&quot;user&quot;:{&quot;id&quot;:&quot;da6ff3ad-00e5-44e1-8ecc-362025459819&quot;,&quot;tenantId&quot;:&quot;clitenant0000000000000001&quot;,&quot;email&quot;:&quot;rafaellarar65@gmail.com&quot;,&quot;fullName&quot;:&quot;Dr. Administrador&quot;,&quot;roles&quot;:[&quot;MEDICO&quot;]}}&#10;assert 201 == 200&#10; +  where 201 = &lt;Response [201]&gt;.status_code&quot;">tests/test_agenda_module.py:27: in auth_token
    assert response.status_code == 200, f"Login failed: {response.text}"
E   AssertionError: Login failed: {"accessToken":"eyJhbGciOiJIUzI1NiIsInR5cCI6IkpXVCJ9.eyJzdWIiOiJkYTZmZjNhZC0wMGU1LTQ0ZTEtOGVjYy0zNjIwMjU0NTk4MTkiLCJ0ZW5hbnRJZCI6ImNsaXRlbmFudDAwMDAwMDAwMDAwMDAwMDEiLCJlbWFpbCI6InJhZmFlbGxhcmFyNjVAZ21haWwuY29tIiwicm9sZXMiOlsiTUVESUNPIl0sImlhdCI6MTc3MjQ5ODc0OCwiZXhwIjoxNzcyNDk5NjQ4fQ.wbBx7MHsfiw0AWNdikc9z2d-MHq4ZLJJfnH3hbvuRPw","refreshToken":"BhzA7VSOrN06kV3OpBlBINEM-cvxPl9S9pIk70bxSoUPu1HTLzNvIutWhoPL9m_X","user":{"id":"da6ff3ad-00e5-44e1-8ecc-362025459819","tenantId":"clitenant0000000000000001","email":"rafaellarar65@gmail.com","fullName":"Dr. Administrador","roles":["MEDICO"]}}
E   assert 201 == 200
E    +  where 201 = &lt;Response [201]&gt;.status_code</error></testcase><testcase classname="tests.test_agenda_module.TestAgendaUpdate" name="test_update_appointment_all_statuses" time="0.000"><error message="failed on setup with &quot;AssertionError: Login failed: {&quot;accessToken&quot;:&quot;eyJhbGciOiJIUzI1NiIsInR5cCI6IkpXVCJ9.eyJzdWIiOiJkYTZmZjNhZC0wMGU1LTQ0ZTEtOGVjYy0zNjIwMjU0NTk4MTkiLCJ0ZW5hbnRJZCI6ImNsaXRlbmFudDAwMDAwMDAwMDAwMDAwMDEiLCJlbWFpbCI6InJhZmFlbGxhcmFyNjVAZ21haWwuY29tIiwicm9sZXMiOlsiTUVESUNPIl0sImlhdCI6MTc3MjQ5ODc0OCwiZXhwIjoxNzcyNDk5NjQ4fQ.wbBx7MHsfiw0AWNdikc9z2d-MHq4ZLJJfnH3hbvuRPw&quot;,&quot;refreshToken&quot;:&quot;BhzA7VSOrN06kV3OpBlBINEM-cvxPl9S9pIk70bxSoUPu1HTLzNvIutWhoPL9m_X&quot;,&quot;user&quot;:{&quot;id&quot;:&quot;da6ff3ad-00e5-44e1-8ecc-362025459819&quot;,&quot;tenantId&quot;:&quot;clitenant0000000000000001&quot;,&quot;email&quot;:&quot;rafaellarar65@gmail.com&quot;,&quot;fullName&quot;:&quot;Dr. Administrador&quot;,&quot;roles&quot;:[&quot;MEDICO&quot;]}}&#10;assert 201 == 200&#10; +  where 201 = &lt;Response [201]&gt;.status_code&quot;">tests/test_agenda_module.py:27: in auth_token
    assert response.status_code == 200, f"Login failed: {response.text}"
E   AssertionError: Login failed: {"accessToken":"eyJhbGciOiJIUzI1NiIsInR5cCI6IkpXVCJ9.eyJzdWIiOiJkYTZmZjNhZC0wMGU1LTQ0ZTEtOGVjYy0zNjIwMjU0NTk4MTkiLCJ0ZW5hbnRJZCI6ImNsaXRlbmFudDAwMDAwMDAwMDAwMDAwMDEiLCJlbWFpbCI6InJhZmFlbGxhcmFyNjVAZ21haWwuY29tIiwicm9sZXMiOlsiTUVESUNPIl0sImlhdCI6MTc3MjQ5ODc0OCwiZXhwIjoxNzcyNDk5NjQ4fQ.wbBx7MHsfiw0AWNdikc9z2d-MHq4ZLJJfnH3hbvuRPw","refreshToken":"BhzA7VSOrN06kV3OpBlBINEM-cvxPl9S9pIk70bxSoUPu1HTLzNvIutWhoPL9m_X","user":{"id":"da6ff3ad-00e5-44e1-8ecc-362025459819","tenantId":"clitenant0000000000000001","email":"rafaellarar65@gmail.com","fullName":"Dr. Administrador","roles":["MEDICO"]}}
E   assert 201 == 200
E    +  where 201 = &lt;Response [201]&gt;.status_code</error></testcase><testcase classname="tests.test_agenda_module.TestAgendaUpdate" name="test_update_appointment_notes" time="0.000"><error message="failed on setup with &quot;AssertionError: Login failed: {&quot;accessToken&quot;:&quot;eyJhbGciOiJIUzI1NiIsInR5cCI6IkpXVCJ9.eyJzdWIiOiJkYTZmZjNhZC0wMGU1LTQ0ZTEtOGVjYy0zNjIwMjU0NTk4MTkiLCJ0ZW5hbnRJZCI6ImNsaXRlbmFudDAwMDAwMDAwMDAwMDAwMDEiLCJlbWFpbCI6InJhZmFlbGxhcmFyNjVAZ21haWwuY29tIiwicm9sZXMiOlsiTUVESUNPIl0sImlhdCI6MTc3MjQ5ODc0OCwiZXhwIjoxNzcyNDk5NjQ4fQ.wbBx7MHsfiw0AWNdikc9z2d-MHq4ZLJJfnH3hbvuRPw&quot;,&quot;refreshToken&quot;:&quot;BhzA7VSOrN06kV3OpBlBINEM-cvxPl9S9pIk70bxSoUPu1HTLzNvIutWhoPL9m_X&quot;,&quot;user&quot;:{&quot;id&quot;:&quot;da6ff3ad-00e5-44e1-8ecc-362025459819&quot;,&quot;tenantId&quot;:&quot;clitenant0000000000000001&quot;,&quot;email&quot;:&quot;rafaellarar65@gmail.com&quot;,&quot;fullName&quot;:&quot;Dr. Administrador&quot;,&quot;roles&quot;:[&quot;MEDICO&quot;]}}&#10;assert 201 == 200&#10; +  where 201 = &lt;Response [201]&gt;.status_code&quot;">tests/test_agenda_module.py:27: in auth_token
    assert response.status_code == 200, f"Login failed: {response.text}"
E   AssertionError: Login failed: {"accessToken":"eyJhbGciOiJIUzI1NiIsInR5cCI6IkpXVCJ9.eyJzdWIiOiJkYTZmZjNhZC0wMGU1LTQ0ZTEtOGVjYy0zNjIwMjU0NTk4MTkiLCJ0ZW5hbnRJZCI6ImNsaXRlbmFudDAwMDAwMDAwMDAwMDAwMDEiLCJlbWFpbCI6InJhZmFlbGxhcmFyNjVAZ21haWwuY29tIiwicm9sZXMiOlsiTUVESUNPIl0sImlhdCI6MTc3MjQ5ODc0OCwiZXhwIjoxNzcyNDk5NjQ4fQ.wbBx7MHsfiw0AWNdikc9z2d-MHq4ZLJJfnH3hbvuRPw","refreshToken":"BhzA7VSOrN06kV3OpBlBINEM-cvxPl9S9pIk70bxSoUPu1HTLzNvIutWhoPL9m_X","user":{"id":"da6ff3ad-00e5-44e1-8ecc-362025459819","tenantId":"clitenant0000000000000001","email":"rafaellarar65@gmail.com","fullName":"Dr. Administrador","roles":["MEDICO"]}}
E   assert 201 == 200
E    +  where 201 = &lt;Response [201]&gt;.status_code</error></testcase><testcase classname="tests.test_agenda_module.TestAgendaUpdate" name="test_update_appointment_date_time" time="0.000"><error message="failed on setup with &quot;AssertionError: Login failed: {&quot;accessToken&quot;:&quot;eyJhbGciOiJIUzI1NiIsInR5cCI6IkpXVCJ9.eyJzdWIiOiJkYTZmZjNhZC0wMGU1LTQ0ZTEtOGVjYy0zNjIwMjU0NTk4MTkiLCJ0ZW5hbnRJZCI6ImNsaXRlbmFudDAwMDAwMDAwMDAwMDAwMDEiLCJlbWFpbCI6InJhZmFlbGxhcmFyNjVAZ21haWwuY29tIiwicm9sZXMiOlsiTUVESUNPIl0sImlhdCI6MTc3MjQ5ODc0OCwiZXhwIjoxNzcyNDk5NjQ4fQ.wbBx7MHsfiw0AWNdikc9z2d-MHq4ZLJJfnH3hbvuRPw&quot;,&quot;refreshToken&quot;:&quot;BhzA7VSOrN06kV3OpBlBINEM-cvxPl9S9pIk70bxSoUPu1HTLzNvIutWhoPL9m_X&quot;,&quot;user&quot;:{&quot;id&quot;:&quot;da6ff3ad-00e5-44e1-8ecc-362025459819&quot;,&quot;tenantId&quot;:&quot;clitenant0000000000000001&quot;,&quot;email&quot;:&quot;rafaellarar65@gmail.com&quot;,&quot;fullName&quot;:&quot;Dr. Administrador&quot;,&quot;roles&quot;:[&quot;MEDICO&quot;]}}&#10;assert 201 == 200&#10; +  where 201 = &lt;Response [201]&gt;.status_code&quot;">tests/test_agenda_module.py:27: in auth_token
    assert response.status_code == 200, f"Login failed: {response.text}"
E   AssertionError: Login failed: {"accessToken":"eyJhbGciOiJIUzI1NiIsInR5cCI6IkpXVCJ9.eyJzdWIiOiJkYTZmZjNhZC0wMGU1LTQ0ZTEtOGVjYy0zNjIwMjU0NTk4MTkiLCJ0ZW5hbnRJZCI6ImNsaXRlbmFudDAwMDAwMDAwMDAwMDAwMDEiLCJlbWFpbCI6InJhZmFlbGxhcmFyNjVAZ21haWwuY29tIiwicm9sZXMiOlsiTUVESUNPIl0sImlhdCI6MTc3MjQ5ODc0OCwiZXhwIjoxNzcyNDk5NjQ4fQ.wbBx7MHsfiw0AWNdikc9z2d-MHq4ZLJJfnH3hbvuRPw","refreshToken":"BhzA7VSOrN06kV3OpBlBINEM-cvxPl9S9pIk70bxSoUPu1HTLzNvIutWhoPL9m_X","user":{"id":"da6ff3ad-00e5-44e1-8ecc-362025459819","tenantId":"clitenant0000000000000001","email":"rafaellarar65@gmail.com","fullName":"Dr. Administrador","roles":["MEDICO"]}}
E   assert 201 == 200
E    +  where 201 = &lt;Response [201]&gt;.status_code</error></testcase><testcase classname="tests.test_agenda_module.TestAgendaUpdate" name="test_update_nonexistent_appointment" time="0.000"><error message="failed on setup with &quot;AssertionError: Login failed: {&quot;accessToken&quot;:&quot;eyJhbGciOiJIUzI1NiIsInR5cCI6IkpXVCJ9.eyJzdWIiOiJkYTZmZjNhZC0wMGU1LTQ0ZTEtOGVjYy0zNjIwMjU0NTk4MTkiLCJ0ZW5hbnRJZCI6ImNsaXRlbmFudDAwMDAwMDAwMDAwMDAwMDEiLCJlbWFpbCI6InJhZmFlbGxhcmFyNjVAZ21haWwuY29tIiwicm9sZXMiOlsiTUVESUNPIl0sImlhdCI6MTc3MjQ5ODc0OCwiZXhwIjoxNzcyNDk5NjQ4fQ.wbBx7MHsfiw0AWNdikc9z2d-MHq4ZLJJfnH3hbvuRPw&quot;,&quot;refreshToken&quot;:&quot;BhzA7VSOrN06kV3OpBlBINEM-cvxPl9S9pIk70bxSoUPu1HTLzNvIutWhoPL9m_X&quot;,&quot;user&quot;:{&quot;id&quot;:&quot;da6ff3ad-00e5-44e1-8ecc-362025459819&quot;,&quot;tenantId&quot;:&quot;clitenant0000000000000001&quot;,&quot;email&quot;:&quot;rafaellarar65@gmail.com&quot;,&quot;fullName&quot;:&quot;Dr. Administrador&quot;,&quot;roles&quot;:[&quot;MEDICO&quot;]}}&#10;assert 201 == 200&#10; +  where 201 = &lt;Response [201]&gt;.status_code&quot;">tests/test_agenda_module.py:27: in auth_token
    assert response.status_code == 200, f"Login failed: {response.text}"
E   AssertionError: Login failed: {"accessToken":"eyJhbGciOiJIUzI1NiIsInR5cCI6IkpXVCJ9.eyJzdWIiOiJkYTZmZjNhZC0wMGU1LTQ0ZTEtOGVjYy0zNjIwMjU0NTk4MTkiLCJ0ZW5hbnRJZCI6ImNsaXRlbmFudDAwMDAwMDAwMDAwMDAwMDEiLCJlbWFpbCI6InJhZmFlbGxhcmFyNjVAZ21haWwuY29tIiwicm9sZXMiOlsiTUVESUNPIl0sImlhdCI6MTc3MjQ5ODc0OCwiZXhwIjoxNzcyNDk5NjQ4fQ.wbBx7MHsfiw0AWNdikc9z2d-MHq4ZLJJfnH3hbvuRPw","refreshToken":"BhzA7VSOrN06kV3OpBlBINEM-cvxPl9S9pIk70bxSoUPu1HTLzNvIutWhoPL9m_X","user":{"id":"da6ff3ad-00e5-44e1-8ecc-362025459819","tenantId":"clitenant0000000000000001","email":"rafaellarar65@gmail.com","fullName":"Dr. Administrador","roles":["MEDICO"]}}
E   assert 201 == 200
E    +  where 201 = &lt;Response [201]&gt;.status_code</error></testcase><testcase classname="tests.test_agenda_module.TestAgendaDelete" name="test_delete_appointment_success" time="0.000"><error message="failed on setup with &quot;AssertionError: Login failed: {&quot;accessToken&quot;:&quot;eyJhbGciOiJIUzI1NiIsInR5cCI6IkpXVCJ9.eyJzdWIiOiJkYTZmZjNhZC0wMGU1LTQ0ZTEtOGVjYy0zNjIwMjU0NTk4MTkiLCJ0ZW5hbnRJZCI6ImNsaXRlbmFudDAwMDAwMDAwMDAwMDAwMDEiLCJlbWFpbCI6InJhZmFlbGxhcmFyNjVAZ21haWwuY29tIiwicm9sZXMiOlsiTUVESUNPIl0sImlhdCI6MTc3MjQ5ODc0OCwiZXhwIjoxNzcyNDk5NjQ4fQ.wbBx7MHsfiw0AWNdikc9z2d-MHq4ZLJJfnH3hbvuRPw&quot;,&quot;refreshToken&quot;:&quot;BhzA7VSOrN06kV3OpBlBINEM-cvxPl9S9pIk70bxSoUPu1HTLzNvIutWhoPL9m_X&quot;,&quot;user&quot;:{&quot;id&quot;:&quot;da6ff3ad-00e5-44e1-8ecc-362025459819&quot;,&quot;tenantId&quot;:&quot;clitenant0000000000000001&quot;,&quot;email&quot;:&quot;rafaellarar65@gmail.com&quot;,&quot;fullName&quot;:&quot;Dr. Administrador&quot;,&quot;roles&quot;:[&quot;MEDICO&quot;]}}&#10;assert 201 == 200&#10; +  where 201 = &lt;Response [201]&gt;.status_code&quot;">tests/test_agenda_module.py:27: in auth_token
    assert response.status_code == 200, f"Login failed: {response.text}"
E   AssertionError: Login failed: {"accessToken":"eyJhbGciOiJIUzI1NiIsInR5cCI6IkpXVCJ9.eyJzdWIiOiJkYTZmZjNhZC0wMGU1LTQ0ZTEtOGVjYy0zNjIwMjU0NTk4MTkiLCJ0ZW5hbnRJZCI6ImNsaXRlbmFudDAwMDAwMDAwMDAwMDAwMDEiLCJlbWFpbCI6InJhZmFlbGxhcmFyNjVAZ21haWwuY29tIiwicm9sZXMiOlsiTUVESUNPIl0sImlhdCI6MTc3MjQ5ODc0OCwiZXhwIjoxNzcyNDk5NjQ4fQ.wbBx7MHsfiw0AWNdikc9z2d-MHq4ZLJJfnH3hbvuRPw","refreshToken":"BhzA7VSOrN06kV3OpBlBINEM-cvxPl9S9pIk70bxSoUPu1HTLzNvIutWhoPL9m_X","user":{"id":"da6ff3ad-00e5-44e1-8ecc-362025459819","tenantId":"clitenant0000000000000001","email":"rafaellarar65@gmail.com","fullName":"Dr. Administrador","roles":["MEDICO"]}}
E   assert 201 == 200
E    +  where 201 = &lt;Response [201]&gt;.status_code</error></testcase><testcase classname="tests.test_agenda_module.TestAgendaDelete" name="test_delete_nonexistent_appointment" time="0.000"><error message="failed on setup with &quot;AssertionError: Login failed: {&quot;accessToken&quot;:&quot;eyJhbGciOiJIUzI1NiIsInR5cCI6IkpXVCJ9.eyJzdWIiOiJkYTZmZjNhZC0wMGU1LTQ0ZTEtOGVjYy0zNjIwMjU0NTk4MTkiLCJ0ZW5hbnRJZCI6ImNsaXRlbmFudDAwMDAwMDAwMDAwMDAwMDEiLCJlbWFpbCI6InJhZmFlbGxhcmFyNjVAZ21haWwuY29tIiwicm9sZXMiOlsiTUVESUNPIl0sImlhdCI6MTc3MjQ5ODc0OCwiZXhwIjoxNzcyNDk5NjQ4fQ.wbBx7MHsfiw0AWNdikc9z2d-MHq4ZLJJfnH3hbvuRPw&quot;,&quot;refreshToken&quot;:&quot;BhzA7VSOrN06kV3OpBlBINEM-cvxPl9S9pIk70bxSoUPu1HTLzNvIutWhoPL9m_X&quot;,&quot;user&quot;:{&quot;id&quot;:&quot;da6ff3ad-00e5-44e1-8ecc-362025459819&quot;,&quot;tenantId&quot;:&quot;clitenant0000000000000001&quot;,&quot;email&quot;:&quot;rafaellarar65@gmail.com&quot;,&quot;fullName&quot;:&quot;Dr. Administrador&quot;,&quot;roles&quot;:[&quot;MEDICO&quot;]}}&#10;assert 201 == 200&#10; +  where 201 = &lt;Response [201]&gt;.status_code&quot;">tests/test_agenda_module.py:27: in auth_token
    assert response.status_code == 200, f"Login failed: {response.text}"
E   AssertionError: Login failed: {"accessToken":"eyJhbGciOiJIUzI1NiIsInR5cCI6IkpXVCJ9.eyJzdWIiOiJkYTZmZjNhZC0wMGU1LTQ0ZTEtOGVjYy0zNjIwMjU0NTk4MTkiLCJ0ZW5hbnRJZCI6ImNsaXRlbmFudDAwMDAwMDAwMDAwMDAwMDEiLCJlbWFpbCI6InJhZmFlbGxhcmFyNjVAZ21haWwuY29tIiwicm9sZXMiOlsiTUVESUNPIl0sImlhdCI6MTc3MjQ5ODc0OCwiZXhwIjoxNzcyNDk5NjQ4fQ.wbBx7MHsfiw0AWNdikc9z2d-MHq4ZLJJfnH3hbvuRPw","refreshToken":"BhzA7VSOrN06kV3OpBlBINEM-cvxPl9S9pIk70bxSoUPu1HTLzNvIutWhoPL9m_X","user":{"id":"da6ff3ad-00e5-44e1-8ecc-362025459819","tenantId":"clitenant0000000000000001","email":"rafaellarar65@gmail.com","fullName":"Dr. Administrador","roles":["MEDICO"]}}
E   assert 201 == 200
E    +  where 201 = &lt;Response [201]&gt;.status_code</error></testcase><testcase classname="tests.test_agenda_module.TestAgendaByPatient" name="test_list_appointments_by_patient" time="0.000"><error message="failed on setup with &quot;AssertionError: Login failed: {&quot;accessToken&quot;:&quot;eyJhbGciOiJIUzI1NiIsInR5cCI6IkpXVCJ9.eyJzdWIiOiJkYTZmZjNhZC0wMGU1LTQ0ZTEtOGVjYy0zNjIwMjU0NTk4MTkiLCJ0ZW5hbnRJZCI6ImNsaXRlbmFudDAwMDAwMDAwMDAwMDAwMDEiLCJlbWFpbCI6InJhZmFlbGxhcmFyNjVAZ21haWwuY29tIiwicm9sZXMiOlsiTUVESUNPIl0sImlhdCI6MTc3MjQ5ODc0OCwiZXhwIjoxNzcyNDk5NjQ4fQ.wbBx7MHsfiw0AWNdikc9z2d-MHq4ZLJJfnH3hbvuRPw&quot;,&quot;refreshToken&quot;:&quot;BhzA7VSOrN06kV3OpBlBINEM-cvxPl9S9pIk70bxSoUPu1HTLzNvIutWhoPL9m_X&quot;,&quot;user&quot;:{&quot;id&quot;:&quot;da6ff3ad-00e5-44e1-8ecc-362025459819&quot;,&quot;tenantId&quot;:&quot;clitenant0000000000000001&quot;,&quot;email&quot;:&quot;rafaellarar65@gmail.com&quot;,&quot;fullName&quot;:&quot;Dr. Administrador&quot;,&quot;roles&quot;:[&quot;MEDICO&quot;]}}&#10;assert 201 == 200&#10; +  where 201 = &lt;Response [201]&gt;.status_code&quot;">tests/test_agenda_module.py:27: in auth_token
    assert response.status_code == 200, f"Login failed: {response.text}"
E   AssertionError: Login failed: {"accessToken":"eyJhbGciOiJIUzI1NiIsInR5cCI6IkpXVCJ9.eyJzdWIiOiJkYTZmZjNhZC0wMGU1LTQ0ZTEtOGVjYy0zNjIwMjU0NTk4MTkiLCJ0ZW5hbnRJZCI6ImNsaXRlbmFudDAwMDAwMDAwMDAwMDAwMDEiLCJlbWFpbCI6InJhZmFlbGxhcmFyNjVAZ21haWwuY29tIiwicm9sZXMiOlsiTUVESUNPIl0sImlhdCI6MTc3MjQ5ODc0OCwiZXhwIjoxNzcyNDk5NjQ4fQ.wbBx7MHsfiw0AWNdikc9z2d-MHq4ZLJJfnH3hbvuRPw","refreshToken":"BhzA7VSOrN06kV3OpBlBINEM-cvxPl9S9pIk70bxSoUPu1HTLzNvIutWhoPL9m_X","user":{"id":"da6ff3ad-00e5-44e1-8ecc-362025459819","tenantId":"clitenant0000000000000001","email":"rafaellarar65@gmail.com","fullName":"Dr. Administrador","roles":["MEDICO"]}}
E   assert 201 == 200
E    +  where 201 = &lt;Response [201]&gt;.status_code</error></testcase><testcase classname="tests.test_agenda_module.TestAgendaByPatient" name="test_list_appointments_nonexistent_patient" time="0.000"><error message="failed on setup with &quot;AssertionError: Login failed: {&quot;accessToken&quot;:&quot;eyJhbGciOiJIUzI1NiIsInR5cCI6IkpXVCJ9.eyJzdWIiOiJkYTZmZjNhZC0wMGU1LTQ0ZTEtOGVjYy0zNjIwMjU0NTk4MTkiLCJ0ZW5hbnRJZCI6ImNsaXRlbmFudDAwMDAwMDAwMDAwMDAwMDEiLCJlbWFpbCI6InJhZmFlbGxhcmFyNjVAZ21haWwuY29tIiwicm9sZXMiOlsiTUVESUNPIl0sImlhdCI6MTc3MjQ5ODc0OCwiZXhwIjoxNzcyNDk5NjQ4fQ.wbBx7MHsfiw0AWNdikc9z2d-MHq4ZLJJfnH3hbvuRPw&quot;,&quot;refreshToken&quot;:&quot;BhzA7VSOrN06kV3OpBlBINEM-cvxPl9S9pIk70bxSoUPu1HTLzNvIutWhoPL9m_X&quot;,&quot;user&quot;:{&quot;id&quot;:&quot;da6ff3ad-00e5-44e1-8ecc-362025459819&quot;,&quot;tenantId&quot;:&quot;clitenant0000000000000001&quot;,&quot;email&quot;:&quot;rafaellarar65@gmail.com&quot;,&quot;fullName&quot;:&quot;Dr. Administrador&quot;,&quot;roles&quot;:[&quot;MEDICO&quot;]}}&#10;assert 201 == 200&#10; +  where 201 = &lt;Response [201]&gt;.status_code&quot;">tests/test_agenda_module.py:27: in auth_token
    assert response.status_code == 200, f"Login failed: {response.text}"
E   AssertionError: Login failed: {"accessToken":"eyJhbGciOiJIUzI1NiIsInR5cCI6IkpXVCJ9.eyJzdWIiOiJkYTZmZjNhZC0wMGU1LTQ0ZTEtOGVjYy0zNjIwMjU0NTk4MTkiLCJ0ZW5hbnRJZCI6ImNsaXRlbmFudDAwMDAwMDAwMDAwMDAwMDEiLCJlbWFpbCI6InJhZmFlbGxhcmFyNjVAZ21haWwuY29tIiwicm9sZXMiOlsiTUVESUNPIl0sImlhdCI6MTc3MjQ5ODc0OCwiZXhwIjoxNzcyNDk5NjQ4fQ.wbBx7MHsfiw0AWNdikc9z2d-MHq4ZLJJfnH3hbvuRPw","refreshToken":"BhzA7VSOrN06kV3OpBlBINEM-cvxPl9S9pIk70bxSoUPu1HTLzNvIutWhoPL9m_X","user":{"id":"da6ff3ad-00e5-44e1-8ecc-362025459819","tenantId":"clitenant0000000000000001","email":"rafaellarar65@gmail.com","fullName":"Dr. Administrador","roles":["MEDICO"]}}
E   assert 201 == 200
E    +  where 201 = &lt;Response [201]&gt;.status_code</error></testcase><testcase classname="tests.test_agenda_module.TestCleanup" name="test_cleanup_test_appointments" time="0.000"><error message="failed on setup with &quot;AssertionError: Login failed: {&quot;accessToken&quot;:&quot;eyJhbGciOiJIUzI1NiIsInR5cCI6IkpXVCJ9.eyJzdWIiOiJkYTZmZjNhZC0wMGU1LTQ0ZTEtOGVjYy0zNjIwMjU0NTk4MTkiLCJ0ZW5hbnRJZCI6ImNsaXRlbmFudDAwMDAwMDAwMDAwMDAwMDEiLCJlbWFpbCI6InJhZmFlbGxhcmFyNjVAZ21haWwuY29tIiwicm9sZXMiOlsiTUVESUNPIl0sImlhdCI6MTc3MjQ5ODc0OCwiZXhwIjoxNzcyNDk5NjQ4fQ.wbBx7MHsfiw0AWNdikc9z2d-MHq4ZLJJfnH3hbvuRPw&quot;,&quot;refreshToken&quot;:&quot;BhzA7VSOrN06kV3OpBlBINEM-cvxPl9S9pIk70bxSoUPu1HTLzNvIutWhoPL9m_X&quot;,&quot;user&quot;:{&quot;id&quot;:&quot;da6ff3ad-00e5-44e1-8ecc-362025459819&quot;,&quot;tenantId&quot;:&quot;clitenant0000000000000001&quot;,&quot;email&quot;:&quot;rafaellarar65@gmail.com&quot;,&quot;fullName&quot;:&quot;Dr. Administrador&quot;,&quot;roles&quot;:[&quot;MEDICO&quot;]}}&#10;assert 201 == 200&#10; +  where 201 = &lt;Response [201]&gt;.status_code&quot;">tests/test_agenda_module.py:27: in auth_token
    assert response.status_code == 200, f"Login failed: {response.text}"
E   AssertionError: Login failed: {"accessToken":"eyJhbGciOiJIUzI1NiIsInR5cCI6IkpXVCJ9.eyJzdWIiOiJkYTZmZjNhZC0wMGU1LTQ0ZTEtOGVjYy0zNjIwMjU0NTk4MTkiLCJ0ZW5hbnRJZCI6ImNsaXRlbmFudDAwMDAwMDAwMDAwMDAwMDEiLCJlbWFpbCI6InJhZmFlbGxhcmFyNjVAZ21haWwuY29tIiwicm9sZXMiOlsiTUVESUNPIl0sImlhdCI6MTc3MjQ5ODc0OCwiZXhwIjoxNzcyNDk5NjQ4fQ.wbBx7MHsfiw0AWNdikc9z2d-MHq4ZLJJfnH3hbvuRPw","refreshToken":"BhzA7VSOrN06kV3OpBlBINEM-cvxPl9S9pIk70bxSoUPu1HTLzNvIutWhoPL9m_X","user":{"id":"da6ff3ad-00e5-44e1-8ecc-362025459819","tenantId":"clitenant0000000000000001","email":"rafaellarar65@gmail.com","fullName":"Dr. Administrador","roles":["MEDICO"]}}
E   assert 201 == 200
E    +  where 201 = &lt;Response [201]&gt;.status_code</error></testcase></testsuite></testsuites>